{"status":404,"level":"error","service":"user-service","timestamp":"2021-06-07 02:05:09"}
{"message":"[Sun, 06 Jun 2021 20:35:06 GMT] POST: /boards Query params: {} Body: {\"title\":\"Autotest board\",\"columns\":[{\"title\":\"Backlog\",\"order\":1},{\"title\":\"Sprint\",\"order\":2}]} Response Status Code: 201 [4ms]","level":"info","service":"user-service","timestamp":"2021-06-07 02:35:06"}
{"message":"[Sun, 06 Jun 2021 20:35:06 GMT] GET: /boards Query params: {} Body: {} Response Status Code: 200 [1ms]","level":"info","service":"user-service","timestamp":"2021-06-07 02:35:06"}
{"message":"[Sun, 06 Jun 2021 20:35:06 GMT] GET: /boards Query params: {} Body: {} Response Status Code: 200 [0ms]","level":"info","service":"user-service","timestamp":"2021-06-07 02:35:06"}
{"message":"[Sun, 06 Jun 2021 20:35:06 GMT] GET: /boards/d8ef2f98-ac0f-4aad-999a-ed3f7ff4ede7 Query params: {} Body: {} Response Status Code: 200 [1ms]","level":"info","service":"user-service","timestamp":"2021-06-07 02:35:06"}
{"message":"[Sun, 06 Jun 2021 20:35:06 GMT] POST: /boards Query params: {} Body: {\"title\":\"Autotest board\",\"columns\":[{\"title\":\"Backlog\",\"order\":1},{\"title\":\"Sprint\",\"order\":2}]} Response Status Code: 201 [0ms]","level":"info","service":"user-service","timestamp":"2021-06-07 02:35:06"}
{"message":"[Sun, 06 Jun 2021 20:35:06 GMT] DELETE: /boards/fcfdd481-c91e-47a5-b298-3a9009fcc242 Query params: {} Body: {} Response Status Code: 204 [1ms]","level":"info","service":"user-service","timestamp":"2021-06-07 02:35:06"}
{"message":"[Sun, 06 Jun 2021 20:35:06 GMT] POST: /boards Query params: {} Body: {\"title\":\"Autotest board\",\"columns\":[{\"title\":\"Backlog\",\"order\":1},{\"title\":\"Sprint\",\"order\":2}]} Response Status Code: 201 [0ms]","level":"info","service":"user-service","timestamp":"2021-06-07 02:35:06"}
{"message":"[Sun, 06 Jun 2021 20:35:06 GMT] PUT: /boards/2556e81b-8505-4780-ba5d-547957f3b90b Query params: {} Body: {\"id\":\"2556e81b-8505-4780-ba5d-547957f3b90b\",\"title\":\"Autotest updated board\",\"columns\":[{\"id\":\"60ec33f5-f36d-4f0c-ac06-3a36ca59270c\",\"title\":\"Backlog\",\"order\":1},{\"id\":\"0a173639-0ef5-4db8-b6aa-2aa47516c53f\",\"title\":\"Sprint\",\"order\":2}]} Response Status Code: 200 [1ms]","level":"info","service":"user-service","timestamp":"2021-06-07 02:35:06"}
{"message":"[Sun, 06 Jun 2021 20:35:06 GMT] GET: /boards/2556e81b-8505-4780-ba5d-547957f3b90b Query params: {} Body: {} Response Status Code: 200 [0ms]","level":"info","service":"user-service","timestamp":"2021-06-07 02:35:06"}
{"message":"[Sun, 06 Jun 2021 20:35:06 GMT] DELETE: /boards/2556e81b-8505-4780-ba5d-547957f3b90b Query params: {} Body: {} Response Status Code: 204 [0ms]","level":"info","service":"user-service","timestamp":"2021-06-07 02:35:06"}
{"message":"[Sun, 06 Jun 2021 20:35:06 GMT] POST: /boards Query params: {} Body: {\"title\":\"Autotest board\",\"columns\":[{\"title\":\"Backlog\",\"order\":1},{\"title\":\"Sprint\",\"order\":2}]} Response Status Code: 201 [0ms]","level":"info","service":"user-service","timestamp":"2021-06-07 02:35:06"}
{"message":"[Sun, 06 Jun 2021 20:35:06 GMT] DELETE: /boards/c61a3666-e4f3-43d9-8dec-a48f0040d295 Query params: {} Body: {} Response Status Code: 204 [0ms]","level":"info","service":"user-service","timestamp":"2021-06-07 02:35:06"}
{"message":"[Sun, 06 Jun 2021 20:35:06 GMT] GET: /boards/c61a3666-e4f3-43d9-8dec-a48f0040d295 Query params: {} Body: {} Response Status Code: 404 [1ms]","level":"info","service":"user-service","timestamp":"2021-06-07 02:35:06"}
{"message":"[Sun, 06 Jun 2021 20:35:06 GMT] POST: /boards Query params: {} Body: {\"title\":\"Autotest board\",\"columns\":[{\"title\":\"Backlog\",\"order\":1},{\"title\":\"Sprint\",\"order\":2}]} Response Status Code: 201 [1ms]","level":"info","service":"user-service","timestamp":"2021-06-07 02:35:06"}
{"message":"[Sun, 06 Jun 2021 20:35:06 GMT] POST: /boards/e7830988-36fe-4e7a-b4a3-ae7ede7aaa47/tasks Query params: {} Body: {\"title\":\"Task #2\",\"order\":2,\"description\":\"Lorem ipsum\",\"boardId\":\"e7830988-36fe-4e7a-b4a3-ae7ede7aaa47\",\"userId\":null,\"columnId\":null} Response Status Code: 201 [0ms]","level":"info","service":"user-service","timestamp":"2021-06-07 02:35:06"}
{"message":"[Sun, 06 Jun 2021 20:35:06 GMT] POST: /boards/e7830988-36fe-4e7a-b4a3-ae7ede7aaa47/tasks Query params: {} Body: {\"title\":\"Task #1\",\"order\":1,\"description\":\"Lorem ipsum\",\"boardId\":\"e7830988-36fe-4e7a-b4a3-ae7ede7aaa47\",\"userId\":null,\"columnId\":null} Response Status Code: 201 [0ms]","level":"info","service":"user-service","timestamp":"2021-06-07 02:35:06"}
{"message":"[Sun, 06 Jun 2021 20:35:06 GMT] POST: /boards/e7830988-36fe-4e7a-b4a3-ae7ede7aaa47/tasks Query params: {} Body: {\"title\":\"Task #4\",\"order\":4,\"description\":\"Lorem ipsum\",\"boardId\":\"e7830988-36fe-4e7a-b4a3-ae7ede7aaa47\",\"userId\":null,\"columnId\":null} Response Status Code: 201 [0ms]","level":"info","service":"user-service","timestamp":"2021-06-07 02:35:06"}
{"message":"[Sun, 06 Jun 2021 20:35:06 GMT] POST: /boards/e7830988-36fe-4e7a-b4a3-ae7ede7aaa47/tasks Query params: {} Body: {\"title\":\"Task #3\",\"order\":3,\"description\":\"Lorem ipsum\",\"boardId\":\"e7830988-36fe-4e7a-b4a3-ae7ede7aaa47\",\"userId\":null,\"columnId\":null} Response Status Code: 201 [1ms]","level":"info","service":"user-service","timestamp":"2021-06-07 02:35:06"}
{"message":"[Sun, 06 Jun 2021 20:35:06 GMT] POST: /boards/e7830988-36fe-4e7a-b4a3-ae7ede7aaa47/tasks Query params: {} Body: {\"title\":\"Task #5\",\"order\":5,\"description\":\"Lorem ipsum\",\"boardId\":\"e7830988-36fe-4e7a-b4a3-ae7ede7aaa47\",\"userId\":null,\"columnId\":null} Response Status Code: 201 [0ms]","level":"info","service":"user-service","timestamp":"2021-06-07 02:35:06"}
{"message":"[Sun, 06 Jun 2021 20:35:06 GMT] GET: /boards/e7830988-36fe-4e7a-b4a3-ae7ede7aaa47/tasks/e9d73d04-9ade-4d3d-a09a-baf8ecf67f8d Query params: {} Body: {} Response Status Code: 200 [0ms]","level":"info","service":"user-service","timestamp":"2021-06-07 02:35:06"}
{"message":"[Sun, 06 Jun 2021 20:35:06 GMT] GET: /boards/e7830988-36fe-4e7a-b4a3-ae7ede7aaa47/tasks/b3e280f1-f9ef-4f90-a7ed-ea7f7c7f1eeb Query params: {} Body: {} Response Status Code: 200 [0ms]","level":"info","service":"user-service","timestamp":"2021-06-07 02:35:06"}
{"message":"[Sun, 06 Jun 2021 20:35:06 GMT] GET: /boards/e7830988-36fe-4e7a-b4a3-ae7ede7aaa47/tasks/52044e19-997d-43c0-b0be-78bbaca13eb0 Query params: {} Body: {} Response Status Code: 200 [1ms]","level":"info","service":"user-service","timestamp":"2021-06-07 02:35:06"}
{"message":"[Sun, 06 Jun 2021 20:35:06 GMT] GET: /boards/e7830988-36fe-4e7a-b4a3-ae7ede7aaa47/tasks/97f41bd0-d53e-4a4a-8fae-8a6e87f33ff6 Query params: {} Body: {} Response Status Code: 200 [0ms]","level":"info","service":"user-service","timestamp":"2021-06-07 02:35:06"}
{"message":"[Sun, 06 Jun 2021 20:35:06 GMT] GET: /boards/e7830988-36fe-4e7a-b4a3-ae7ede7aaa47/tasks/c497fcbf-889c-4876-9a64-760c7bbde8b5 Query params: {} Body: {} Response Status Code: 200 [1ms]","level":"info","service":"user-service","timestamp":"2021-06-07 02:35:06"}
{"message":"[Sun, 06 Jun 2021 20:35:06 GMT] DELETE: /boards/e7830988-36fe-4e7a-b4a3-ae7ede7aaa47 Query params: {} Body: {} Response Status Code: 204 [1ms]","level":"info","service":"user-service","timestamp":"2021-06-07 02:35:06"}
{"message":"[Sun, 06 Jun 2021 20:35:06 GMT] GET: /boards/e7830988-36fe-4e7a-b4a3-ae7ede7aaa47/tasks/e9d73d04-9ade-4d3d-a09a-baf8ecf67f8d Query params: {} Body: {} Response Status Code: 404 [1ms]","level":"info","service":"user-service","timestamp":"2021-06-07 02:35:06"}
{"message":"[Sun, 06 Jun 2021 20:35:06 GMT] GET: /boards/e7830988-36fe-4e7a-b4a3-ae7ede7aaa47/tasks/b3e280f1-f9ef-4f90-a7ed-ea7f7c7f1eeb Query params: {} Body: {} Response Status Code: 404 [0ms]","level":"info","service":"user-service","timestamp":"2021-06-07 02:35:06"}
{"message":"[Sun, 06 Jun 2021 20:35:06 GMT] GET: /boards/e7830988-36fe-4e7a-b4a3-ae7ede7aaa47/tasks/52044e19-997d-43c0-b0be-78bbaca13eb0 Query params: {} Body: {} Response Status Code: 404 [0ms]","level":"info","service":"user-service","timestamp":"2021-06-07 02:35:06"}
{"message":"[Sun, 06 Jun 2021 20:35:06 GMT] GET: /boards/e7830988-36fe-4e7a-b4a3-ae7ede7aaa47/tasks/97f41bd0-d53e-4a4a-8fae-8a6e87f33ff6 Query params: {} Body: {} Response Status Code: 404 [1ms]","level":"info","service":"user-service","timestamp":"2021-06-07 02:35:06"}
{"message":"[Sun, 06 Jun 2021 20:35:06 GMT] GET: /boards/e7830988-36fe-4e7a-b4a3-ae7ede7aaa47/tasks/c497fcbf-889c-4876-9a64-760c7bbde8b5 Query params: {} Body: {} Response Status Code: 404 [1ms]","level":"info","service":"user-service","timestamp":"2021-06-07 02:35:06"}
{"message":"[Sun, 06 Jun 2021 20:35:06 GMT] DELETE: /boards/d8ef2f98-ac0f-4aad-999a-ed3f7ff4ede7 Query params: {} Body: {} Response Status Code: 204 [0ms]","level":"info","service":"user-service","timestamp":"2021-06-07 02:35:06"}
{"message":"[Sun, 06 Jun 2021 20:35:06 GMT] GET: /users Query params: {} Body: {} Response Status Code: 200 [1ms]","level":"info","service":"user-service","timestamp":"2021-06-07 02:35:06"}
{"message":"[Sun, 06 Jun 2021 20:35:06 GMT] POST: /users Query params: {} Body: {\"name\":\"TEST_USER\",\"login\":\"test_user\",\"password\":\"T35t_P@55w0rd\"} Response Status Code: 201 [1ms]","level":"info","service":"user-service","timestamp":"2021-06-07 02:35:06"}
{"message":"[Sun, 06 Jun 2021 20:35:06 GMT] GET: /users/208b0256-2c77-41af-90dd-a1a9558b5c9b Query params: {} Body: {} Response Status Code: 200 [0ms]","level":"info","service":"user-service","timestamp":"2021-06-07 02:35:06"}
{"message":"[Sun, 06 Jun 2021 20:35:06 GMT] DELETE: /users/208b0256-2c77-41af-90dd-a1a9558b5c9b Query params: {} Body: {} Response Status Code: 204 [1ms]","level":"info","service":"user-service","timestamp":"2021-06-07 02:35:06"}
{"message":"[Sun, 06 Jun 2021 20:35:06 GMT] POST: /users Query params: {} Body: {\"name\":\"TEST_USER\",\"login\":\"test_user\",\"password\":\"T35t_P@55w0rd\"} Response Status Code: 201 [1ms]","level":"info","service":"user-service","timestamp":"2021-06-07 02:35:06"}
{"message":"[Sun, 06 Jun 2021 20:35:06 GMT] DELETE: /users/a2c2feba-dfd6-4f26-a974-c2d439d09d16 Query params: {} Body: {} Response Status Code: 204 [1ms]","level":"info","service":"user-service","timestamp":"2021-06-07 02:35:06"}
{"message":"[Sun, 06 Jun 2021 20:35:06 GMT] POST: /users Query params: {} Body: {\"name\":\"TEST_USER\",\"login\":\"test_user\",\"password\":\"T35t_P@55w0rd\"} Response Status Code: 201 [1ms]","level":"info","service":"user-service","timestamp":"2021-06-07 02:35:06"}
{"message":"[Sun, 06 Jun 2021 20:35:06 GMT] PUT: /users/367a77c4-d02d-47e0-9cdb-c9947e52544d Query params: {} Body: {\"name\":\"Autotest updated TEST_USER\",\"login\":\"test_user\",\"password\":\"T35t_P@55w0rd\",\"id\":\"367a77c4-d02d-47e0-9cdb-c9947e52544d\"} Response Status Code: 200 [0ms]","level":"info","service":"user-service","timestamp":"2021-06-07 02:35:06"}
{"message":"[Sun, 06 Jun 2021 20:35:06 GMT] GET: /users/367a77c4-d02d-47e0-9cdb-c9947e52544d Query params: {} Body: {} Response Status Code: 200 [1ms]","level":"info","service":"user-service","timestamp":"2021-06-07 02:35:06"}
{"message":"[Sun, 06 Jun 2021 20:35:06 GMT] DELETE: /users/367a77c4-d02d-47e0-9cdb-c9947e52544d Query params: {} Body: {} Response Status Code: 204 [1ms]","level":"info","service":"user-service","timestamp":"2021-06-07 02:35:06"}
{"message":"[Sun, 06 Jun 2021 20:35:06 GMT] POST: /users Query params: {} Body: {\"name\":\"TEST_USER\",\"login\":\"test_user\",\"password\":\"T35t_P@55w0rd\"} Response Status Code: 201 [0ms]","level":"info","service":"user-service","timestamp":"2021-06-07 02:35:06"}
{"message":"[Sun, 06 Jun 2021 20:35:06 GMT] DELETE: /users/aabe1f8c-b535-4635-96d7-e3356cd4a533 Query params: {} Body: {} Response Status Code: 204 [1ms]","level":"info","service":"user-service","timestamp":"2021-06-07 02:35:06"}
{"message":"[Sun, 06 Jun 2021 20:35:06 GMT] POST: /users Query params: {} Body: {\"name\":\"TEST_USER\",\"login\":\"test_user\",\"password\":\"T35t_P@55w0rd\"} Response Status Code: 201 [0ms]","level":"info","service":"user-service","timestamp":"2021-06-07 02:35:06"}
{"message":"[Sun, 06 Jun 2021 20:35:06 GMT] POST: /boards Query params: {} Body: {\"title\":\"Autotest board\",\"columns\":[{\"title\":\"Backlog\",\"order\":1},{\"title\":\"Sprint\",\"order\":2}]} Response Status Code: 201 [0ms]","level":"info","service":"user-service","timestamp":"2021-06-07 02:35:06"}
{"message":"[Sun, 06 Jun 2021 20:35:06 GMT] POST: /boards/f1a92fda-8b8a-4cd2-bcb9-d1c8278140ba/tasks Query params: {} Body: {\"title\":\"Task #2\",\"order\":2,\"description\":\"Lorem ipsum\",\"userId\":\"ed66556f-eae8-4c43-ba83-6df8ef9a9a03\",\"boardId\":\"f1a92fda-8b8a-4cd2-bcb9-d1c8278140ba\"} Response Status Code: 201 [1ms]","level":"info","service":"user-service","timestamp":"2021-06-07 02:35:06"}
{"message":"[Sun, 06 Jun 2021 20:35:06 GMT] POST: /boards/f1a92fda-8b8a-4cd2-bcb9-d1c8278140ba/tasks Query params: {} Body: {\"title\":\"Task #1\",\"order\":1,\"description\":\"Lorem ipsum\",\"userId\":\"ed66556f-eae8-4c43-ba83-6df8ef9a9a03\",\"boardId\":\"f1a92fda-8b8a-4cd2-bcb9-d1c8278140ba\"} Response Status Code: 201 [0ms]","level":"info","service":"user-service","timestamp":"2021-06-07 02:35:06"}
{"message":"[Sun, 06 Jun 2021 20:35:06 GMT] DELETE: /users/ed66556f-eae8-4c43-ba83-6df8ef9a9a03 Query params: {} Body: {} Response Status Code: 204 [1ms]","level":"info","service":"user-service","timestamp":"2021-06-07 02:35:06"}
{"message":"[Sun, 06 Jun 2021 20:35:06 GMT] GET: /boards/f1a92fda-8b8a-4cd2-bcb9-d1c8278140ba/tasks/a3e1173a-c5f9-4f21-bec4-d9509e29237f Query params: {} Body: {} Response Status Code: 200 [1ms]","level":"info","service":"user-service","timestamp":"2021-06-07 02:35:06"}
{"message":"[Sun, 06 Jun 2021 20:35:06 GMT] GET: /boards/f1a92fda-8b8a-4cd2-bcb9-d1c8278140ba/tasks/8b547a50-eef9-465a-923b-142b536ace8c Query params: {} Body: {} Response Status Code: 200 [0ms]","level":"info","service":"user-service","timestamp":"2021-06-07 02:35:06"}
{"message":"[Sun, 06 Jun 2021 20:35:06 GMT] DELETE: /boards/f1a92fda-8b8a-4cd2-bcb9-d1c8278140ba/tasks/a3e1173a-c5f9-4f21-bec4-d9509e29237f Query params: {} Body: {} Response Status Code: 204 [1ms]","level":"info","service":"user-service","timestamp":"2021-06-07 02:35:06"}
{"message":"[Sun, 06 Jun 2021 20:35:06 GMT] DELETE: /boards/f1a92fda-8b8a-4cd2-bcb9-d1c8278140ba/tasks/8b547a50-eef9-465a-923b-142b536ace8c Query params: {} Body: {} Response Status Code: 204 [0ms]","level":"info","service":"user-service","timestamp":"2021-06-07 02:35:06"}
{"message":"[Sun, 06 Jun 2021 20:35:06 GMT] DELETE: /boards/f1a92fda-8b8a-4cd2-bcb9-d1c8278140ba Query params: {} Body: {} Response Status Code: 204 [0ms]","level":"info","service":"user-service","timestamp":"2021-06-07 02:35:06"}
{"message":"[Sun, 06 Jun 2021 20:35:06 GMT] POST: /boards Query params: {} Body: {\"title\":\"Autotest board\",\"columns\":[{\"title\":\"Backlog\",\"order\":1},{\"title\":\"Sprint\",\"order\":2}]} Response Status Code: 201 [0ms]","level":"info","service":"user-service","timestamp":"2021-06-07 02:35:06"}
{"message":"[Sun, 06 Jun 2021 20:35:06 GMT] POST: /boards/8868e58a-c82c-47ec-8667-ae7321cf1ac9/tasks Query params: {} Body: {\"title\":\"Autotest task\",\"order\":0,\"description\":\"Lorem ipsum\",\"userId\":null,\"boardId\":null,\"columnId\":null} Response Status Code: 201 [1ms]","level":"info","service":"user-service","timestamp":"2021-06-07 02:35:06"}
{"message":"[Sun, 06 Jun 2021 20:35:06 GMT] GET: /boards/8868e58a-c82c-47ec-8667-ae7321cf1ac9/tasks Query params: {} Body: {} Response Status Code: 200 [0ms]","level":"info","service":"user-service","timestamp":"2021-06-07 02:35:06"}
{"message":"[Sun, 06 Jun 2021 20:35:06 GMT] GET: /boards/8868e58a-c82c-47ec-8667-ae7321cf1ac9/tasks Query params: {} Body: {} Response Status Code: 200 [1ms]","level":"info","service":"user-service","timestamp":"2021-06-07 02:35:06"}
{"message":"[Sun, 06 Jun 2021 20:35:06 GMT] GET: /boards/8868e58a-c82c-47ec-8667-ae7321cf1ac9/tasks/937e639d-435c-47c9-9c62-b04a98297b30 Query params: {} Body: {} Response Status Code: 200 [0ms]","level":"info","service":"user-service","timestamp":"2021-06-07 02:35:06"}
{"message":"[Sun, 06 Jun 2021 20:35:06 GMT] POST: /boards/8868e58a-c82c-47ec-8667-ae7321cf1ac9/tasks Query params: {} Body: {\"title\":\"Autotest task\",\"order\":0,\"description\":\"Lorem ipsum\",\"userId\":null,\"boardId\":null,\"columnId\":null} Response Status Code: 201 [1ms]","level":"info","service":"user-service","timestamp":"2021-06-07 02:35:06"}
{"message":"[Sun, 06 Jun 2021 20:35:06 GMT] DELETE: /boards/8868e58a-c82c-47ec-8667-ae7321cf1ac9/tasks/e914b665-51aa-4a32-a025-eb15fc9093c8 Query params: {} Body: {} Response Status Code: 204 [0ms]","level":"info","service":"user-service","timestamp":"2021-06-07 02:35:06"}
{"message":"[Sun, 06 Jun 2021 20:35:06 GMT] POST: /boards/8868e58a-c82c-47ec-8667-ae7321cf1ac9/tasks Query params: {} Body: {\"title\":\"Autotest task\",\"order\":0,\"description\":\"Lorem ipsum\",\"userId\":null,\"boardId\":null,\"columnId\":null} Response Status Code: 201 [0ms]","level":"info","service":"user-service","timestamp":"2021-06-07 02:35:06"}
{"message":"[Sun, 06 Jun 2021 20:35:06 GMT] PUT: /boards/8868e58a-c82c-47ec-8667-ae7321cf1ac9/tasks/e8487b00-463d-4413-8649-a1ab4f63cf9d Query params: {} Body: {\"id\":\"e8487b00-463d-4413-8649-a1ab4f63cf9d\",\"title\":\"Autotest updated task\",\"order\":0,\"description\":\"Lorem ipsum\",\"userId\":null,\"boardId\":\"8868e58a-c82c-47ec-8667-ae7321cf1ac9\",\"columnId\":null} Response Status Code: 200 [0ms]","level":"info","service":"user-service","timestamp":"2021-06-07 02:35:06"}
{"message":"[Sun, 06 Jun 2021 20:35:06 GMT] GET: /boards/8868e58a-c82c-47ec-8667-ae7321cf1ac9/tasks/e8487b00-463d-4413-8649-a1ab4f63cf9d Query params: {} Body: {} Response Status Code: 200 [1ms]","level":"info","service":"user-service","timestamp":"2021-06-07 02:35:06"}
{"message":"[Sun, 06 Jun 2021 20:35:06 GMT] GET: /boards/8868e58a-c82c-47ec-8667-ae7321cf1ac9/tasks/937e639d-435c-47c9-9c62-b04a98297b30 Query params: {} Body: {} Response Status Code: 200 [1ms]","level":"info","service":"user-service","timestamp":"2021-06-07 02:35:06"}
{"message":"[Sun, 06 Jun 2021 20:35:06 GMT] DELETE: /boards/8868e58a-c82c-47ec-8667-ae7321cf1ac9/tasks/937e639d-435c-47c9-9c62-b04a98297b30 Query params: {} Body: {} Response Status Code: 204 [1ms]","level":"info","service":"user-service","timestamp":"2021-06-07 02:35:06"}
{"message":"[Sun, 06 Jun 2021 20:35:06 GMT] GET: /boards/8868e58a-c82c-47ec-8667-ae7321cf1ac9/tasks/937e639d-435c-47c9-9c62-b04a98297b30 Query params: {} Body: {} Response Status Code: 404 [0ms]","level":"info","service":"user-service","timestamp":"2021-06-07 02:35:06"}
{"message":"[Sun, 06 Jun 2021 20:35:06 GMT] DELETE: /boards/8868e58a-c82c-47ec-8667-ae7321cf1ac9 Query params: {} Body: {} Response Status Code: 204 [0ms]","level":"info","service":"user-service","timestamp":"2021-06-07 02:35:06"}
