{"message":"[Wed, 09 Jun 2021 06:11:07 GMT] POST: /boards Query params: {} Body: {\"title\":\"Autotest board\",\"columns\":[{\"title\":\"Backlog\",\"order\":1},{\"title\":\"Sprint\",\"order\":2}]} Response Status Code: 201 [5ms]","level":"info","service":"user-service","timestamp":"2021-06-09 12:11:07"}
{"message":"[Wed, 09 Jun 2021 06:11:07 GMT] GET: /boards Query params: {} Body: {} Response Status Code: 200 [1ms]","level":"info","service":"user-service","timestamp":"2021-06-09 12:11:07"}
{"message":"[Wed, 09 Jun 2021 06:11:07 GMT] GET: /boards Query params: {} Body: {} Response Status Code: 200 [0ms]","level":"info","service":"user-service","timestamp":"2021-06-09 12:11:07"}
{"message":"[Wed, 09 Jun 2021 06:11:07 GMT] GET: /boards/971d9681-71ca-4c29-b7c8-a64335f289b1 Query params: {} Body: {} Response Status Code: 200 [1ms]","level":"info","service":"user-service","timestamp":"2021-06-09 12:11:07"}
{"message":"[Wed, 09 Jun 2021 06:11:07 GMT] POST: /boards Query params: {} Body: {\"title\":\"Autotest board\",\"columns\":[{\"title\":\"Backlog\",\"order\":1},{\"title\":\"Sprint\",\"order\":2}]} Response Status Code: 201 [0ms]","level":"info","service":"user-service","timestamp":"2021-06-09 12:11:07"}
{"message":"[Wed, 09 Jun 2021 06:11:07 GMT] DELETE: /boards/ac6b6aa8-ddac-4f3e-8e0a-0e828e13275a Query params: {} Body: {} Response Status Code: 204 [1ms]","level":"info","service":"user-service","timestamp":"2021-06-09 12:11:07"}
{"message":"[Wed, 09 Jun 2021 06:11:07 GMT] POST: /boards Query params: {} Body: {\"title\":\"Autotest board\",\"columns\":[{\"title\":\"Backlog\",\"order\":1},{\"title\":\"Sprint\",\"order\":2}]} Response Status Code: 201 [1ms]","level":"info","service":"user-service","timestamp":"2021-06-09 12:11:07"}
{"message":"[Wed, 09 Jun 2021 06:11:07 GMT] PUT: /boards/424d97ab-a063-486b-a6e8-5f982b4820be Query params: {} Body: {\"id\":\"424d97ab-a063-486b-a6e8-5f982b4820be\",\"title\":\"Autotest updated board\",\"columns\":[{\"id\":\"eefbd403-fcbc-404e-9810-a2f554e54b20\",\"title\":\"Backlog\",\"order\":1},{\"id\":\"c96dca21-f571-45d8-8656-4dae7008e42f\",\"title\":\"Sprint\",\"order\":2}]} Response Status Code: 200 [1ms]","level":"info","service":"user-service","timestamp":"2021-06-09 12:11:07"}
{"message":"[Wed, 09 Jun 2021 06:11:07 GMT] GET: /boards/424d97ab-a063-486b-a6e8-5f982b4820be Query params: {} Body: {} Response Status Code: 200 [0ms]","level":"info","service":"user-service","timestamp":"2021-06-09 12:11:07"}
{"message":"[Wed, 09 Jun 2021 06:11:07 GMT] DELETE: /boards/424d97ab-a063-486b-a6e8-5f982b4820be Query params: {} Body: {} Response Status Code: 204 [1ms]","level":"info","service":"user-service","timestamp":"2021-06-09 12:11:07"}
{"message":"[Wed, 09 Jun 2021 06:11:07 GMT] POST: /boards Query params: {} Body: {\"title\":\"Autotest board\",\"columns\":[{\"title\":\"Backlog\",\"order\":1},{\"title\":\"Sprint\",\"order\":2}]} Response Status Code: 201 [1ms]","level":"info","service":"user-service","timestamp":"2021-06-09 12:11:07"}
{"message":"[Wed, 09 Jun 2021 06:11:07 GMT] DELETE: /boards/61390411-ad14-42bd-a4d0-02f0c0e491c2 Query params: {} Body: {} Response Status Code: 204 [0ms]","level":"info","service":"user-service","timestamp":"2021-06-09 12:11:07"}
{"message":"[Wed, 09 Jun 2021 06:11:07 GMT] GET: /boards/61390411-ad14-42bd-a4d0-02f0c0e491c2 Query params: {} Body: {} Response Status Code: 404 [1ms]","level":"info","service":"user-service","timestamp":"2021-06-09 12:11:07"}
{"message":"[Wed, 09 Jun 2021 06:11:07 GMT] POST: /boards Query params: {} Body: {\"title\":\"Autotest board\",\"columns\":[{\"title\":\"Backlog\",\"order\":1},{\"title\":\"Sprint\",\"order\":2}]} Response Status Code: 201 [1ms]","level":"info","service":"user-service","timestamp":"2021-06-09 12:11:07"}
{"message":"[Wed, 09 Jun 2021 06:11:07 GMT] POST: /boards/1f203d3a-6dc8-4daf-addc-5337cf63282c/tasks Query params: {} Body: {\"title\":\"Task #2\",\"order\":2,\"description\":\"Lorem ipsum\",\"boardId\":\"1f203d3a-6dc8-4daf-addc-5337cf63282c\",\"userId\":null,\"columnId\":null} Response Status Code: 201 [1ms]","level":"info","service":"user-service","timestamp":"2021-06-09 12:11:07"}
{"message":"[Wed, 09 Jun 2021 06:11:07 GMT] POST: /boards/1f203d3a-6dc8-4daf-addc-5337cf63282c/tasks Query params: {} Body: {\"title\":\"Task #1\",\"order\":1,\"description\":\"Lorem ipsum\",\"boardId\":\"1f203d3a-6dc8-4daf-addc-5337cf63282c\",\"userId\":null,\"columnId\":null} Response Status Code: 201 [1ms]","level":"info","service":"user-service","timestamp":"2021-06-09 12:11:07"}
{"message":"[Wed, 09 Jun 2021 06:11:07 GMT] POST: /boards/1f203d3a-6dc8-4daf-addc-5337cf63282c/tasks Query params: {} Body: {\"title\":\"Task #3\",\"order\":3,\"description\":\"Lorem ipsum\",\"boardId\":\"1f203d3a-6dc8-4daf-addc-5337cf63282c\",\"userId\":null,\"columnId\":null} Response Status Code: 201 [1ms]","level":"info","service":"user-service","timestamp":"2021-06-09 12:11:07"}
{"message":"[Wed, 09 Jun 2021 06:11:07 GMT] POST: /boards/1f203d3a-6dc8-4daf-addc-5337cf63282c/tasks Query params: {} Body: {\"title\":\"Task #4\",\"order\":4,\"description\":\"Lorem ipsum\",\"boardId\":\"1f203d3a-6dc8-4daf-addc-5337cf63282c\",\"userId\":null,\"columnId\":null} Response Status Code: 201 [1ms]","level":"info","service":"user-service","timestamp":"2021-06-09 12:11:07"}
{"message":"[Wed, 09 Jun 2021 06:11:07 GMT] POST: /boards/1f203d3a-6dc8-4daf-addc-5337cf63282c/tasks Query params: {} Body: {\"title\":\"Task #5\",\"order\":5,\"description\":\"Lorem ipsum\",\"boardId\":\"1f203d3a-6dc8-4daf-addc-5337cf63282c\",\"userId\":null,\"columnId\":null} Response Status Code: 201 [1ms]","level":"info","service":"user-service","timestamp":"2021-06-09 12:11:07"}
{"message":"[Wed, 09 Jun 2021 06:11:07 GMT] GET: /boards/1f203d3a-6dc8-4daf-addc-5337cf63282c/tasks/e6de8062-8289-41eb-8e9e-53b692276577 Query params: {} Body: {} Response Status Code: 200 [0ms]","level":"info","service":"user-service","timestamp":"2021-06-09 12:11:07"}
{"message":"[Wed, 09 Jun 2021 06:11:07 GMT] GET: /boards/1f203d3a-6dc8-4daf-addc-5337cf63282c/tasks/5a66b2b8-1071-49df-acd2-d920a821a8cf Query params: {} Body: {} Response Status Code: 200 [0ms]","level":"info","service":"user-service","timestamp":"2021-06-09 12:11:07"}
{"message":"[Wed, 09 Jun 2021 06:11:07 GMT] GET: /boards/1f203d3a-6dc8-4daf-addc-5337cf63282c/tasks/24cebd1d-9201-4156-9c35-e5f62d2b6b5a Query params: {} Body: {} Response Status Code: 200 [1ms]","level":"info","service":"user-service","timestamp":"2021-06-09 12:11:07"}
{"message":"[Wed, 09 Jun 2021 06:11:07 GMT] GET: /boards/1f203d3a-6dc8-4daf-addc-5337cf63282c/tasks/91858120-ed71-41ce-866c-36f541d7a396 Query params: {} Body: {} Response Status Code: 200 [1ms]","level":"info","service":"user-service","timestamp":"2021-06-09 12:11:07"}
{"message":"[Wed, 09 Jun 2021 06:11:07 GMT] GET: /boards/1f203d3a-6dc8-4daf-addc-5337cf63282c/tasks/2cb94864-6a20-40d3-9e73-b3bdb30a6267 Query params: {} Body: {} Response Status Code: 200 [1ms]","level":"info","service":"user-service","timestamp":"2021-06-09 12:11:07"}
{"message":"[Wed, 09 Jun 2021 06:11:07 GMT] DELETE: /boards/1f203d3a-6dc8-4daf-addc-5337cf63282c Query params: {} Body: {} Response Status Code: 204 [1ms]","level":"info","service":"user-service","timestamp":"2021-06-09 12:11:07"}
{"message":"[Wed, 09 Jun 2021 06:11:07 GMT] GET: /boards/1f203d3a-6dc8-4daf-addc-5337cf63282c/tasks/e6de8062-8289-41eb-8e9e-53b692276577 Query params: {} Body: {} Response Status Code: 404 [0ms]","level":"info","service":"user-service","timestamp":"2021-06-09 12:11:07"}
{"message":"[Wed, 09 Jun 2021 06:11:07 GMT] GET: /boards/1f203d3a-6dc8-4daf-addc-5337cf63282c/tasks/5a66b2b8-1071-49df-acd2-d920a821a8cf Query params: {} Body: {} Response Status Code: 404 [1ms]","level":"info","service":"user-service","timestamp":"2021-06-09 12:11:07"}
{"message":"[Wed, 09 Jun 2021 06:11:07 GMT] GET: /boards/1f203d3a-6dc8-4daf-addc-5337cf63282c/tasks/24cebd1d-9201-4156-9c35-e5f62d2b6b5a Query params: {} Body: {} Response Status Code: 404 [1ms]","level":"info","service":"user-service","timestamp":"2021-06-09 12:11:07"}
{"message":"[Wed, 09 Jun 2021 06:11:07 GMT] GET: /boards/1f203d3a-6dc8-4daf-addc-5337cf63282c/tasks/2cb94864-6a20-40d3-9e73-b3bdb30a6267 Query params: {} Body: {} Response Status Code: 404 [1ms]","level":"info","service":"user-service","timestamp":"2021-06-09 12:11:07"}
{"message":"[Wed, 09 Jun 2021 06:11:07 GMT] GET: /boards/1f203d3a-6dc8-4daf-addc-5337cf63282c/tasks/91858120-ed71-41ce-866c-36f541d7a396 Query params: {} Body: {} Response Status Code: 404 [1ms]","level":"info","service":"user-service","timestamp":"2021-06-09 12:11:07"}
{"message":"[Wed, 09 Jun 2021 06:11:07 GMT] DELETE: /boards/971d9681-71ca-4c29-b7c8-a64335f289b1 Query params: {} Body: {} Response Status Code: 204 [0ms]","level":"info","service":"user-service","timestamp":"2021-06-09 12:11:07"}
{"message":"[Wed, 09 Jun 2021 06:11:07 GMT] GET: /users Query params: {} Body: {} Response Status Code: 200 [0ms]","level":"info","service":"user-service","timestamp":"2021-06-09 12:11:07"}
{"message":"[Wed, 09 Jun 2021 06:11:07 GMT] POST: /users Query params: {} Body: {\"name\":\"TEST_USER\",\"login\":\"test_user\",\"password\":\"T35t_P@55w0rd\"} Response Status Code: 201 [0ms]","level":"info","service":"user-service","timestamp":"2021-06-09 12:11:07"}
{"message":"[Wed, 09 Jun 2021 06:11:07 GMT] GET: /users/80328c52-0674-4de0-a768-655c0196c0d9 Query params: {} Body: {} Response Status Code: 200 [0ms]","level":"info","service":"user-service","timestamp":"2021-06-09 12:11:07"}
{"message":"[Wed, 09 Jun 2021 06:11:07 GMT] DELETE: /users/80328c52-0674-4de0-a768-655c0196c0d9 Query params: {} Body: {} Response Status Code: 204 [1ms]","level":"info","service":"user-service","timestamp":"2021-06-09 12:11:07"}
{"message":"[Wed, 09 Jun 2021 06:11:07 GMT] POST: /users Query params: {} Body: {\"name\":\"TEST_USER\",\"login\":\"test_user\",\"password\":\"T35t_P@55w0rd\"} Response Status Code: 201 [0ms]","level":"info","service":"user-service","timestamp":"2021-06-09 12:11:07"}
{"message":"[Wed, 09 Jun 2021 06:11:07 GMT] DELETE: /users/9354b5e8-d212-4378-9c9f-f9851c732a0d Query params: {} Body: {} Response Status Code: 204 [0ms]","level":"info","service":"user-service","timestamp":"2021-06-09 12:11:07"}
{"message":"[Wed, 09 Jun 2021 06:11:07 GMT] POST: /users Query params: {} Body: {\"name\":\"TEST_USER\",\"login\":\"test_user\",\"password\":\"T35t_P@55w0rd\"} Response Status Code: 201 [0ms]","level":"info","service":"user-service","timestamp":"2021-06-09 12:11:07"}
{"message":"[Wed, 09 Jun 2021 06:11:07 GMT] PUT: /users/8311f5c7-11fa-4b74-bca2-2f7ad0b7c45d Query params: {} Body: {\"name\":\"Autotest updated TEST_USER\",\"login\":\"test_user\",\"password\":\"T35t_P@55w0rd\",\"id\":\"8311f5c7-11fa-4b74-bca2-2f7ad0b7c45d\"} Response Status Code: 200 [0ms]","level":"info","service":"user-service","timestamp":"2021-06-09 12:11:07"}
{"message":"[Wed, 09 Jun 2021 06:11:07 GMT] GET: /users/8311f5c7-11fa-4b74-bca2-2f7ad0b7c45d Query params: {} Body: {} Response Status Code: 200 [1ms]","level":"info","service":"user-service","timestamp":"2021-06-09 12:11:07"}
{"message":"[Wed, 09 Jun 2021 06:11:07 GMT] DELETE: /users/8311f5c7-11fa-4b74-bca2-2f7ad0b7c45d Query params: {} Body: {} Response Status Code: 204 [0ms]","level":"info","service":"user-service","timestamp":"2021-06-09 12:11:07"}
{"message":"[Wed, 09 Jun 2021 06:11:07 GMT] POST: /users Query params: {} Body: {\"name\":\"TEST_USER\",\"login\":\"test_user\",\"password\":\"T35t_P@55w0rd\"} Response Status Code: 201 [1ms]","level":"info","service":"user-service","timestamp":"2021-06-09 12:11:07"}
{"message":"[Wed, 09 Jun 2021 06:11:07 GMT] DELETE: /users/f1191812-c065-4a74-96f7-4bc5d050a9d4 Query params: {} Body: {} Response Status Code: 204 [0ms]","level":"info","service":"user-service","timestamp":"2021-06-09 12:11:07"}
{"message":"[Wed, 09 Jun 2021 06:11:07 GMT] POST: /users Query params: {} Body: {\"name\":\"TEST_USER\",\"login\":\"test_user\",\"password\":\"T35t_P@55w0rd\"} Response Status Code: 201 [0ms]","level":"info","service":"user-service","timestamp":"2021-06-09 12:11:07"}
{"message":"[Wed, 09 Jun 2021 06:11:07 GMT] POST: /boards Query params: {} Body: {\"title\":\"Autotest board\",\"columns\":[{\"title\":\"Backlog\",\"order\":1},{\"title\":\"Sprint\",\"order\":2}]} Response Status Code: 201 [0ms]","level":"info","service":"user-service","timestamp":"2021-06-09 12:11:07"}
{"message":"[Wed, 09 Jun 2021 06:11:07 GMT] POST: /boards/2b5c8e97-dd5f-4cef-a7d5-dbf64ee566d9/tasks Query params: {} Body: {\"title\":\"Task #1\",\"order\":1,\"description\":\"Lorem ipsum\",\"userId\":\"35fb5dea-bf23-4b31-b06f-fa53263793bd\",\"boardId\":\"2b5c8e97-dd5f-4cef-a7d5-dbf64ee566d9\"} Response Status Code: 201 [0ms]","level":"info","service":"user-service","timestamp":"2021-06-09 12:11:07"}
{"message":"[Wed, 09 Jun 2021 06:11:07 GMT] POST: /boards/2b5c8e97-dd5f-4cef-a7d5-dbf64ee566d9/tasks Query params: {} Body: {\"title\":\"Task #2\",\"order\":2,\"description\":\"Lorem ipsum\",\"userId\":\"35fb5dea-bf23-4b31-b06f-fa53263793bd\",\"boardId\":\"2b5c8e97-dd5f-4cef-a7d5-dbf64ee566d9\"} Response Status Code: 201 [0ms]","level":"info","service":"user-service","timestamp":"2021-06-09 12:11:07"}
{"message":"[Wed, 09 Jun 2021 06:11:07 GMT] DELETE: /users/35fb5dea-bf23-4b31-b06f-fa53263793bd Query params: {} Body: {} Response Status Code: 204 [0ms]","level":"info","service":"user-service","timestamp":"2021-06-09 12:11:07"}
{"message":"[Wed, 09 Jun 2021 06:11:07 GMT] GET: /boards/2b5c8e97-dd5f-4cef-a7d5-dbf64ee566d9/tasks/1131d007-5306-4f3d-b822-d30eb498e537 Query params: {} Body: {} Response Status Code: 200 [0ms]","level":"info","service":"user-service","timestamp":"2021-06-09 12:11:07"}
{"message":"[Wed, 09 Jun 2021 06:11:07 GMT] GET: /boards/2b5c8e97-dd5f-4cef-a7d5-dbf64ee566d9/tasks/4eb84534-6b4f-4164-82c8-1d743cd3d9bf Query params: {} Body: {} Response Status Code: 200 [1ms]","level":"info","service":"user-service","timestamp":"2021-06-09 12:11:07"}
{"message":"[Wed, 09 Jun 2021 06:11:07 GMT] DELETE: /boards/2b5c8e97-dd5f-4cef-a7d5-dbf64ee566d9/tasks/4eb84534-6b4f-4164-82c8-1d743cd3d9bf Query params: {} Body: {} Response Status Code: 204 [0ms]","level":"info","service":"user-service","timestamp":"2021-06-09 12:11:07"}
{"message":"[Wed, 09 Jun 2021 06:11:07 GMT] DELETE: /boards/2b5c8e97-dd5f-4cef-a7d5-dbf64ee566d9/tasks/1131d007-5306-4f3d-b822-d30eb498e537 Query params: {} Body: {} Response Status Code: 204 [0ms]","level":"info","service":"user-service","timestamp":"2021-06-09 12:11:07"}
{"message":"[Wed, 09 Jun 2021 06:11:07 GMT] DELETE: /boards/2b5c8e97-dd5f-4cef-a7d5-dbf64ee566d9 Query params: {} Body: {} Response Status Code: 204 [1ms]","level":"info","service":"user-service","timestamp":"2021-06-09 12:11:07"}
{"message":"[Wed, 09 Jun 2021 06:11:07 GMT] POST: /boards Query params: {} Body: {\"title\":\"Autotest board\",\"columns\":[{\"title\":\"Backlog\",\"order\":1},{\"title\":\"Sprint\",\"order\":2}]} Response Status Code: 201 [0ms]","level":"info","service":"user-service","timestamp":"2021-06-09 12:11:07"}
{"message":"[Wed, 09 Jun 2021 06:11:07 GMT] POST: /boards/bb5075ff-60ce-4ec8-a5e9-3cce4aa568c1/tasks Query params: {} Body: {\"title\":\"Autotest task\",\"order\":0,\"description\":\"Lorem ipsum\",\"userId\":null,\"boardId\":null,\"columnId\":null} Response Status Code: 201 [0ms]","level":"info","service":"user-service","timestamp":"2021-06-09 12:11:07"}
{"message":"[Wed, 09 Jun 2021 06:11:07 GMT] GET: /boards/bb5075ff-60ce-4ec8-a5e9-3cce4aa568c1/tasks Query params: {} Body: {} Response Status Code: 200 [0ms]","level":"info","service":"user-service","timestamp":"2021-06-09 12:11:07"}
{"message":"[Wed, 09 Jun 2021 06:11:07 GMT] GET: /boards/bb5075ff-60ce-4ec8-a5e9-3cce4aa568c1/tasks Query params: {} Body: {} Response Status Code: 200 [0ms]","level":"info","service":"user-service","timestamp":"2021-06-09 12:11:07"}
{"message":"[Wed, 09 Jun 2021 06:11:07 GMT] GET: /boards/bb5075ff-60ce-4ec8-a5e9-3cce4aa568c1/tasks/4e5ea4c7-4709-483d-b396-6910c90e883b Query params: {} Body: {} Response Status Code: 200 [0ms]","level":"info","service":"user-service","timestamp":"2021-06-09 12:11:07"}
{"message":"[Wed, 09 Jun 2021 06:11:07 GMT] POST: /boards/bb5075ff-60ce-4ec8-a5e9-3cce4aa568c1/tasks Query params: {} Body: {\"title\":\"Autotest task\",\"order\":0,\"description\":\"Lorem ipsum\",\"userId\":null,\"boardId\":null,\"columnId\":null} Response Status Code: 201 [3ms]","level":"info","service":"user-service","timestamp":"2021-06-09 12:11:07"}
{"message":"[Wed, 09 Jun 2021 06:11:07 GMT] DELETE: /boards/bb5075ff-60ce-4ec8-a5e9-3cce4aa568c1/tasks/264ff9af-1bdf-4ff2-82ef-ebd4df74a38c Query params: {} Body: {} Response Status Code: 204 [1ms]","level":"info","service":"user-service","timestamp":"2021-06-09 12:11:07"}
{"message":"[Wed, 09 Jun 2021 06:11:07 GMT] POST: /boards/bb5075ff-60ce-4ec8-a5e9-3cce4aa568c1/tasks Query params: {} Body: {\"title\":\"Autotest task\",\"order\":0,\"description\":\"Lorem ipsum\",\"userId\":null,\"boardId\":null,\"columnId\":null} Response Status Code: 201 [0ms]","level":"info","service":"user-service","timestamp":"2021-06-09 12:11:07"}
{"message":"[Wed, 09 Jun 2021 06:11:07 GMT] PUT: /boards/bb5075ff-60ce-4ec8-a5e9-3cce4aa568c1/tasks/2f5a72b6-b230-49da-ac05-e3dc5bb1a492 Query params: {} Body: {\"id\":\"2f5a72b6-b230-49da-ac05-e3dc5bb1a492\",\"title\":\"Autotest updated task\",\"order\":0,\"description\":\"Lorem ipsum\",\"userId\":null,\"boardId\":\"bb5075ff-60ce-4ec8-a5e9-3cce4aa568c1\",\"columnId\":null} Response Status Code: 200 [0ms]","level":"info","service":"user-service","timestamp":"2021-06-09 12:11:07"}
{"message":"[Wed, 09 Jun 2021 06:11:07 GMT] GET: /boards/bb5075ff-60ce-4ec8-a5e9-3cce4aa568c1/tasks/2f5a72b6-b230-49da-ac05-e3dc5bb1a492 Query params: {} Body: {} Response Status Code: 200 [0ms]","level":"info","service":"user-service","timestamp":"2021-06-09 12:11:07"}
{"message":"[Wed, 09 Jun 2021 06:11:07 GMT] GET: /boards/bb5075ff-60ce-4ec8-a5e9-3cce4aa568c1/tasks/4e5ea4c7-4709-483d-b396-6910c90e883b Query params: {} Body: {} Response Status Code: 200 [1ms]","level":"info","service":"user-service","timestamp":"2021-06-09 12:11:07"}
{"message":"[Wed, 09 Jun 2021 06:11:07 GMT] DELETE: /boards/bb5075ff-60ce-4ec8-a5e9-3cce4aa568c1/tasks/4e5ea4c7-4709-483d-b396-6910c90e883b Query params: {} Body: {} Response Status Code: 204 [0ms]","level":"info","service":"user-service","timestamp":"2021-06-09 12:11:07"}
{"message":"[Wed, 09 Jun 2021 06:11:07 GMT] GET: /boards/bb5075ff-60ce-4ec8-a5e9-3cce4aa568c1/tasks/4e5ea4c7-4709-483d-b396-6910c90e883b Query params: {} Body: {} Response Status Code: 404 [0ms]","level":"info","service":"user-service","timestamp":"2021-06-09 12:11:07"}
{"message":"[Wed, 09 Jun 2021 06:11:07 GMT] DELETE: /boards/bb5075ff-60ce-4ec8-a5e9-3cce4aa568c1 Query params: {} Body: {} Response Status Code: 204 [1ms]","level":"info","service":"user-service","timestamp":"2021-06-09 12:11:07"}
{"message":"[Wed, 09 Jun 2021 06:13:37 GMT] GET: /boards/3/tasks/1a8ad2ea-55df-41c1-88bd-a71bf28a93e7 Query params: {} Body: {} Response Status Code: 500 [16ms]","level":"info","service":"user-service","timestamp":"2021-06-09 12:13:37"}
{"level":"error","service":"user-service","timestamp":"2021-06-09 12:15:14"}
{"level":"error","service":"user-service","timestamp":"2021-06-09 12:18:57"}
{"level":"error","service":"user-service","timestamp":"2021-06-09 12:26:59"}
{"message":"[Sat, 12 Jun 2021 10:26:09 GMT] POST: /boards Query params: {} Body: {\"title\":\"Autotest board\",\"columns\":[{\"title\":\"Backlog\",\"order\":1},{\"title\":\"Sprint\",\"order\":2}]} Response Status Code: 201 [4ms]","level":"info","service":"user-service","timestamp":"2021-06-12 16:26:09"}
{"message":"[Sat, 12 Jun 2021 10:26:09 GMT] GET: /boards Query params: {} Body: {} Response Status Code: 200 [1ms]","level":"info","service":"user-service","timestamp":"2021-06-12 16:26:09"}
{"message":"[Sat, 12 Jun 2021 10:26:09 GMT] GET: /boards Query params: {} Body: {} Response Status Code: 200 [0ms]","level":"info","service":"user-service","timestamp":"2021-06-12 16:26:09"}
{"message":"[Sat, 12 Jun 2021 10:26:09 GMT] GET: /boards/7989ecbf-b452-47d0-a21a-10f78f247ea4 Query params: {} Body: {} Response Status Code: 200 [1ms]","level":"info","service":"user-service","timestamp":"2021-06-12 16:26:09"}
{"message":"[Sat, 12 Jun 2021 10:26:09 GMT] POST: /boards Query params: {} Body: {\"title\":\"Autotest board\",\"columns\":[{\"title\":\"Backlog\",\"order\":1},{\"title\":\"Sprint\",\"order\":2}]} Response Status Code: 201 [0ms]","level":"info","service":"user-service","timestamp":"2021-06-12 16:26:09"}
{"message":"[Sat, 12 Jun 2021 10:26:09 GMT] DELETE: /boards/4b16e9ef-2e82-4211-ae86-3e0eb154052d Query params: {} Body: {} Response Status Code: 204 [0ms]","level":"info","service":"user-service","timestamp":"2021-06-12 16:26:09"}
{"message":"[Sat, 12 Jun 2021 10:26:09 GMT] POST: /boards Query params: {} Body: {\"title\":\"Autotest board\",\"columns\":[{\"title\":\"Backlog\",\"order\":1},{\"title\":\"Sprint\",\"order\":2}]} Response Status Code: 201 [0ms]","level":"info","service":"user-service","timestamp":"2021-06-12 16:26:09"}
{"message":"[Sat, 12 Jun 2021 10:26:09 GMT] PUT: /boards/8c15858f-cf8a-43eb-8de5-fd30c46737f4 Query params: {} Body: {\"id\":\"8c15858f-cf8a-43eb-8de5-fd30c46737f4\",\"title\":\"Autotest updated board\",\"columns\":[{\"id\":\"0a4f6e54-307b-46ec-8880-9339aae213ea\",\"title\":\"Backlog\",\"order\":1},{\"id\":\"a5e4a680-3cae-41ea-8b9e-be1df77ad26f\",\"title\":\"Sprint\",\"order\":2}]} Response Status Code: 200 [1ms]","level":"info","service":"user-service","timestamp":"2021-06-12 16:26:09"}
{"message":"[Sat, 12 Jun 2021 10:26:09 GMT] GET: /boards/8c15858f-cf8a-43eb-8de5-fd30c46737f4 Query params: {} Body: {} Response Status Code: 200 [0ms]","level":"info","service":"user-service","timestamp":"2021-06-12 16:26:09"}
{"message":"[Sat, 12 Jun 2021 10:26:09 GMT] DELETE: /boards/8c15858f-cf8a-43eb-8de5-fd30c46737f4 Query params: {} Body: {} Response Status Code: 204 [0ms]","level":"info","service":"user-service","timestamp":"2021-06-12 16:26:09"}
{"message":"[Sat, 12 Jun 2021 10:26:09 GMT] POST: /boards Query params: {} Body: {\"title\":\"Autotest board\",\"columns\":[{\"title\":\"Backlog\",\"order\":1},{\"title\":\"Sprint\",\"order\":2}]} Response Status Code: 201 [1ms]","level":"info","service":"user-service","timestamp":"2021-06-12 16:26:09"}
{"message":"[Sat, 12 Jun 2021 10:26:09 GMT] DELETE: /boards/f41e7b49-5d99-4840-9d91-ca5fb0f24738 Query params: {} Body: {} Response Status Code: 204 [0ms]","level":"info","service":"user-service","timestamp":"2021-06-12 16:26:09"}
{"message":"Not Found","level":"error","service":"user-service","timestamp":"2021-06-12 16:26:09"}
{"message":"[Sat, 12 Jun 2021 10:26:09 GMT] GET: /boards/f41e7b49-5d99-4840-9d91-ca5fb0f24738 Query params: {} Body: {} Response Status Code: 404 [1ms]","level":"info","service":"user-service","timestamp":"2021-06-12 16:26:09"}
{"message":"[Sat, 12 Jun 2021 10:26:09 GMT] POST: /boards Query params: {} Body: {\"title\":\"Autotest board\",\"columns\":[{\"title\":\"Backlog\",\"order\":1},{\"title\":\"Sprint\",\"order\":2}]} Response Status Code: 201 [1ms]","level":"info","service":"user-service","timestamp":"2021-06-12 16:26:09"}
{"message":"[Sat, 12 Jun 2021 10:26:09 GMT] POST: /boards/25a3dd0e-9703-4a20-a85b-17d64463efdf/tasks Query params: {} Body: {\"title\":\"Task #1\",\"order\":1,\"description\":\"Lorem ipsum\",\"boardId\":\"25a3dd0e-9703-4a20-a85b-17d64463efdf\",\"userId\":null,\"columnId\":null} Response Status Code: 201 [1ms]","level":"info","service":"user-service","timestamp":"2021-06-12 16:26:09"}
{"message":"[Sat, 12 Jun 2021 10:26:09 GMT] POST: /boards/25a3dd0e-9703-4a20-a85b-17d64463efdf/tasks Query params: {} Body: {\"title\":\"Task #2\",\"order\":2,\"description\":\"Lorem ipsum\",\"boardId\":\"25a3dd0e-9703-4a20-a85b-17d64463efdf\",\"userId\":null,\"columnId\":null} Response Status Code: 201 [0ms]","level":"info","service":"user-service","timestamp":"2021-06-12 16:26:09"}
{"message":"[Sat, 12 Jun 2021 10:26:09 GMT] POST: /boards/25a3dd0e-9703-4a20-a85b-17d64463efdf/tasks Query params: {} Body: {\"title\":\"Task #3\",\"order\":3,\"description\":\"Lorem ipsum\",\"boardId\":\"25a3dd0e-9703-4a20-a85b-17d64463efdf\",\"userId\":null,\"columnId\":null} Response Status Code: 201 [0ms]","level":"info","service":"user-service","timestamp":"2021-06-12 16:26:09"}
{"message":"[Sat, 12 Jun 2021 10:26:09 GMT] POST: /boards/25a3dd0e-9703-4a20-a85b-17d64463efdf/tasks Query params: {} Body: {\"title\":\"Task #4\",\"order\":4,\"description\":\"Lorem ipsum\",\"boardId\":\"25a3dd0e-9703-4a20-a85b-17d64463efdf\",\"userId\":null,\"columnId\":null} Response Status Code: 201 [1ms]","level":"info","service":"user-service","timestamp":"2021-06-12 16:26:09"}
{"message":"[Sat, 12 Jun 2021 10:26:09 GMT] POST: /boards/25a3dd0e-9703-4a20-a85b-17d64463efdf/tasks Query params: {} Body: {\"title\":\"Task #5\",\"order\":5,\"description\":\"Lorem ipsum\",\"boardId\":\"25a3dd0e-9703-4a20-a85b-17d64463efdf\",\"userId\":null,\"columnId\":null} Response Status Code: 201 [1ms]","level":"info","service":"user-service","timestamp":"2021-06-12 16:26:09"}
{"message":"[Sat, 12 Jun 2021 10:26:09 GMT] GET: /boards/25a3dd0e-9703-4a20-a85b-17d64463efdf/tasks/a4d714d6-ae42-4ff0-b71d-19590efe35e1 Query params: {} Body: {} Response Status Code: 200 [1ms]","level":"info","service":"user-service","timestamp":"2021-06-12 16:26:09"}
{"message":"[Sat, 12 Jun 2021 10:26:09 GMT] GET: /boards/25a3dd0e-9703-4a20-a85b-17d64463efdf/tasks/400b2b3c-ec33-4244-867d-b3983a997ce6 Query params: {} Body: {} Response Status Code: 200 [0ms]","level":"info","service":"user-service","timestamp":"2021-06-12 16:26:09"}
{"message":"[Sat, 12 Jun 2021 10:26:09 GMT] GET: /boards/25a3dd0e-9703-4a20-a85b-17d64463efdf/tasks/664fc377-2438-492f-b0ec-9344080c2b33 Query params: {} Body: {} Response Status Code: 200 [1ms]","level":"info","service":"user-service","timestamp":"2021-06-12 16:26:09"}
{"message":"[Sat, 12 Jun 2021 10:26:09 GMT] GET: /boards/25a3dd0e-9703-4a20-a85b-17d64463efdf/tasks/6f6928ab-1a22-40f1-b72c-b327ee0d545d Query params: {} Body: {} Response Status Code: 200 [1ms]","level":"info","service":"user-service","timestamp":"2021-06-12 16:26:09"}
{"message":"[Sat, 12 Jun 2021 10:26:09 GMT] GET: /boards/25a3dd0e-9703-4a20-a85b-17d64463efdf/tasks/a8e8f23c-4f0d-4a12-b356-92163ab57bcd Query params: {} Body: {} Response Status Code: 200 [1ms]","level":"info","service":"user-service","timestamp":"2021-06-12 16:26:09"}
{"message":"[Sat, 12 Jun 2021 10:26:09 GMT] DELETE: /boards/25a3dd0e-9703-4a20-a85b-17d64463efdf Query params: {} Body: {} Response Status Code: 204 [1ms]","level":"info","service":"user-service","timestamp":"2021-06-12 16:26:09"}
{"message":"Not Found","level":"error","service":"user-service","timestamp":"2021-06-12 16:26:09"}
{"message":"[Sat, 12 Jun 2021 10:26:09 GMT] GET: /boards/25a3dd0e-9703-4a20-a85b-17d64463efdf/tasks/a4d714d6-ae42-4ff0-b71d-19590efe35e1 Query params: {} Body: {} Response Status Code: 404 [1ms]","level":"info","service":"user-service","timestamp":"2021-06-12 16:26:09"}
{"message":"Not Found","level":"error","service":"user-service","timestamp":"2021-06-12 16:26:09"}
{"message":"[Sat, 12 Jun 2021 10:26:09 GMT] GET: /boards/25a3dd0e-9703-4a20-a85b-17d64463efdf/tasks/400b2b3c-ec33-4244-867d-b3983a997ce6 Query params: {} Body: {} Response Status Code: 404 [0ms]","level":"info","service":"user-service","timestamp":"2021-06-12 16:26:09"}
{"message":"Not Found","level":"error","service":"user-service","timestamp":"2021-06-12 16:26:09"}
{"message":"[Sat, 12 Jun 2021 10:26:09 GMT] GET: /boards/25a3dd0e-9703-4a20-a85b-17d64463efdf/tasks/664fc377-2438-492f-b0ec-9344080c2b33 Query params: {} Body: {} Response Status Code: 404 [1ms]","level":"info","service":"user-service","timestamp":"2021-06-12 16:26:09"}
{"message":"Not Found","level":"error","service":"user-service","timestamp":"2021-06-12 16:26:09"}
{"message":"[Sat, 12 Jun 2021 10:26:09 GMT] GET: /boards/25a3dd0e-9703-4a20-a85b-17d64463efdf/tasks/a8e8f23c-4f0d-4a12-b356-92163ab57bcd Query params: {} Body: {} Response Status Code: 404 [0ms]","level":"info","service":"user-service","timestamp":"2021-06-12 16:26:09"}
{"message":"Not Found","level":"error","service":"user-service","timestamp":"2021-06-12 16:26:09"}
{"message":"[Sat, 12 Jun 2021 10:26:09 GMT] GET: /boards/25a3dd0e-9703-4a20-a85b-17d64463efdf/tasks/6f6928ab-1a22-40f1-b72c-b327ee0d545d Query params: {} Body: {} Response Status Code: 404 [1ms]","level":"info","service":"user-service","timestamp":"2021-06-12 16:26:09"}
{"message":"[Sat, 12 Jun 2021 10:26:09 GMT] DELETE: /boards/7989ecbf-b452-47d0-a21a-10f78f247ea4 Query params: {} Body: {} Response Status Code: 204 [1ms]","level":"info","service":"user-service","timestamp":"2021-06-12 16:26:09"}
{"message":"[Sat, 12 Jun 2021 10:26:09 GMT] GET: /users Query params: {} Body: {} Response Status Code: 200 [1ms]","level":"info","service":"user-service","timestamp":"2021-06-12 16:26:09"}
{"message":"[Sat, 12 Jun 2021 10:26:09 GMT] POST: /users Query params: {} Body: {\"name\":\"TEST_USER\",\"login\":\"test_user\",\"password\":\"T35t_P@55w0rd\"} Response Status Code: 201 [1ms]","level":"info","service":"user-service","timestamp":"2021-06-12 16:26:09"}
{"message":"[Sat, 12 Jun 2021 10:26:09 GMT] GET: /users/de428d4a-c2e5-4fa6-a80b-191958deca06 Query params: {} Body: {} Response Status Code: 200 [1ms]","level":"info","service":"user-service","timestamp":"2021-06-12 16:26:09"}
{"message":"[Sat, 12 Jun 2021 10:26:09 GMT] DELETE: /users/de428d4a-c2e5-4fa6-a80b-191958deca06 Query params: {} Body: {} Response Status Code: 204 [1ms]","level":"info","service":"user-service","timestamp":"2021-06-12 16:26:09"}
{"message":"[Sat, 12 Jun 2021 10:26:09 GMT] POST: /users Query params: {} Body: {\"name\":\"TEST_USER\",\"login\":\"test_user\",\"password\":\"T35t_P@55w0rd\"} Response Status Code: 201 [1ms]","level":"info","service":"user-service","timestamp":"2021-06-12 16:26:09"}
{"message":"[Sat, 12 Jun 2021 10:26:09 GMT] DELETE: /users/1cee9c22-39a9-428d-9196-ffceb81e98cb Query params: {} Body: {} Response Status Code: 204 [0ms]","level":"info","service":"user-service","timestamp":"2021-06-12 16:26:09"}
{"message":"[Sat, 12 Jun 2021 10:26:09 GMT] POST: /users Query params: {} Body: {\"name\":\"TEST_USER\",\"login\":\"test_user\",\"password\":\"T35t_P@55w0rd\"} Response Status Code: 201 [0ms]","level":"info","service":"user-service","timestamp":"2021-06-12 16:26:09"}
{"message":"[Sat, 12 Jun 2021 10:26:09 GMT] PUT: /users/533b6dff-b54e-4f3b-b85b-a93fa035720d Query params: {} Body: {\"name\":\"Autotest updated TEST_USER\",\"login\":\"test_user\",\"password\":\"T35t_P@55w0rd\",\"id\":\"533b6dff-b54e-4f3b-b85b-a93fa035720d\"} Response Status Code: 200 [0ms]","level":"info","service":"user-service","timestamp":"2021-06-12 16:26:09"}
{"message":"[Sat, 12 Jun 2021 10:26:09 GMT] GET: /users/533b6dff-b54e-4f3b-b85b-a93fa035720d Query params: {} Body: {} Response Status Code: 200 [0ms]","level":"info","service":"user-service","timestamp":"2021-06-12 16:26:09"}
{"message":"[Sat, 12 Jun 2021 10:26:09 GMT] DELETE: /users/533b6dff-b54e-4f3b-b85b-a93fa035720d Query params: {} Body: {} Response Status Code: 204 [1ms]","level":"info","service":"user-service","timestamp":"2021-06-12 16:26:09"}
{"message":"[Sat, 12 Jun 2021 10:26:09 GMT] POST: /users Query params: {} Body: {\"name\":\"TEST_USER\",\"login\":\"test_user\",\"password\":\"T35t_P@55w0rd\"} Response Status Code: 201 [0ms]","level":"info","service":"user-service","timestamp":"2021-06-12 16:26:09"}
{"message":"[Sat, 12 Jun 2021 10:26:09 GMT] DELETE: /users/e455e728-87fa-462b-a125-59615a9692e0 Query params: {} Body: {} Response Status Code: 204 [0ms]","level":"info","service":"user-service","timestamp":"2021-06-12 16:26:09"}
{"message":"[Sat, 12 Jun 2021 10:26:09 GMT] POST: /users Query params: {} Body: {\"name\":\"TEST_USER\",\"login\":\"test_user\",\"password\":\"T35t_P@55w0rd\"} Response Status Code: 201 [0ms]","level":"info","service":"user-service","timestamp":"2021-06-12 16:26:09"}
{"message":"[Sat, 12 Jun 2021 10:26:09 GMT] POST: /boards Query params: {} Body: {\"title\":\"Autotest board\",\"columns\":[{\"title\":\"Backlog\",\"order\":1},{\"title\":\"Sprint\",\"order\":2}]} Response Status Code: 201 [0ms]","level":"info","service":"user-service","timestamp":"2021-06-12 16:26:09"}
{"message":"[Sat, 12 Jun 2021 10:26:09 GMT] POST: /boards/07cacacb-8fbe-4bb6-81c1-ffbea9a3b7d0/tasks Query params: {} Body: {\"title\":\"Task #2\",\"order\":2,\"description\":\"Lorem ipsum\",\"userId\":\"08a067ef-b638-4360-84f5-cfb425e597c4\",\"boardId\":\"07cacacb-8fbe-4bb6-81c1-ffbea9a3b7d0\"} Response Status Code: 201 [1ms]","level":"info","service":"user-service","timestamp":"2021-06-12 16:26:09"}
{"message":"[Sat, 12 Jun 2021 10:26:09 GMT] POST: /boards/07cacacb-8fbe-4bb6-81c1-ffbea9a3b7d0/tasks Query params: {} Body: {\"title\":\"Task #1\",\"order\":1,\"description\":\"Lorem ipsum\",\"userId\":\"08a067ef-b638-4360-84f5-cfb425e597c4\",\"boardId\":\"07cacacb-8fbe-4bb6-81c1-ffbea9a3b7d0\"} Response Status Code: 201 [1ms]","level":"info","service":"user-service","timestamp":"2021-06-12 16:26:09"}
{"message":"[Sat, 12 Jun 2021 10:26:09 GMT] DELETE: /users/08a067ef-b638-4360-84f5-cfb425e597c4 Query params: {} Body: {} Response Status Code: 204 [0ms]","level":"info","service":"user-service","timestamp":"2021-06-12 16:26:09"}
{"message":"[Sat, 12 Jun 2021 10:26:09 GMT] GET: /boards/07cacacb-8fbe-4bb6-81c1-ffbea9a3b7d0/tasks/1755df75-a7a2-48dd-beb7-e86773efdb41 Query params: {} Body: {} Response Status Code: 200 [0ms]","level":"info","service":"user-service","timestamp":"2021-06-12 16:26:09"}
{"message":"[Sat, 12 Jun 2021 10:26:09 GMT] GET: /boards/07cacacb-8fbe-4bb6-81c1-ffbea9a3b7d0/tasks/5f01d2cd-a638-426e-8095-55109dafd708 Query params: {} Body: {} Response Status Code: 200 [0ms]","level":"info","service":"user-service","timestamp":"2021-06-12 16:26:09"}
{"message":"[Sat, 12 Jun 2021 10:26:09 GMT] DELETE: /boards/07cacacb-8fbe-4bb6-81c1-ffbea9a3b7d0/tasks/1755df75-a7a2-48dd-beb7-e86773efdb41 Query params: {} Body: {} Response Status Code: 204 [1ms]","level":"info","service":"user-service","timestamp":"2021-06-12 16:26:09"}
{"message":"[Sat, 12 Jun 2021 10:26:09 GMT] DELETE: /boards/07cacacb-8fbe-4bb6-81c1-ffbea9a3b7d0/tasks/5f01d2cd-a638-426e-8095-55109dafd708 Query params: {} Body: {} Response Status Code: 204 [0ms]","level":"info","service":"user-service","timestamp":"2021-06-12 16:26:09"}
{"message":"[Sat, 12 Jun 2021 10:26:09 GMT] DELETE: /boards/07cacacb-8fbe-4bb6-81c1-ffbea9a3b7d0 Query params: {} Body: {} Response Status Code: 204 [1ms]","level":"info","service":"user-service","timestamp":"2021-06-12 16:26:09"}
{"message":"[Sat, 12 Jun 2021 10:26:10 GMT] POST: /boards Query params: {} Body: {\"title\":\"Autotest board\",\"columns\":[{\"title\":\"Backlog\",\"order\":1},{\"title\":\"Sprint\",\"order\":2}]} Response Status Code: 201 [1ms]","level":"info","service":"user-service","timestamp":"2021-06-12 16:26:10"}
{"message":"[Sat, 12 Jun 2021 10:26:10 GMT] POST: /boards/97c66dfe-bbfd-4f02-a3b7-df834840f60e/tasks Query params: {} Body: {\"title\":\"Autotest task\",\"order\":0,\"description\":\"Lorem ipsum\",\"userId\":null,\"boardId\":null,\"columnId\":null} Response Status Code: 201 [0ms]","level":"info","service":"user-service","timestamp":"2021-06-12 16:26:10"}
{"message":"[Sat, 12 Jun 2021 10:26:10 GMT] GET: /boards/97c66dfe-bbfd-4f02-a3b7-df834840f60e/tasks Query params: {} Body: {} Response Status Code: 200 [0ms]","level":"info","service":"user-service","timestamp":"2021-06-12 16:26:10"}
{"message":"[Sat, 12 Jun 2021 10:26:10 GMT] GET: /boards/97c66dfe-bbfd-4f02-a3b7-df834840f60e/tasks Query params: {} Body: {} Response Status Code: 200 [1ms]","level":"info","service":"user-service","timestamp":"2021-06-12 16:26:10"}
{"message":"[Sat, 12 Jun 2021 10:26:10 GMT] GET: /boards/97c66dfe-bbfd-4f02-a3b7-df834840f60e/tasks/eb19892f-d3c8-47fc-ace3-0532f28725db Query params: {} Body: {} Response Status Code: 200 [0ms]","level":"info","service":"user-service","timestamp":"2021-06-12 16:26:10"}
{"message":"[Sat, 12 Jun 2021 10:26:10 GMT] POST: /boards/97c66dfe-bbfd-4f02-a3b7-df834840f60e/tasks Query params: {} Body: {\"title\":\"Autotest task\",\"order\":0,\"description\":\"Lorem ipsum\",\"userId\":null,\"boardId\":null,\"columnId\":null} Response Status Code: 201 [1ms]","level":"info","service":"user-service","timestamp":"2021-06-12 16:26:10"}
{"message":"[Sat, 12 Jun 2021 10:26:10 GMT] DELETE: /boards/97c66dfe-bbfd-4f02-a3b7-df834840f60e/tasks/a478dbdb-8d8d-4327-a4fb-a62b2b8ed414 Query params: {} Body: {} Response Status Code: 204 [1ms]","level":"info","service":"user-service","timestamp":"2021-06-12 16:26:10"}
{"message":"[Sat, 12 Jun 2021 10:26:10 GMT] POST: /boards/97c66dfe-bbfd-4f02-a3b7-df834840f60e/tasks Query params: {} Body: {\"title\":\"Autotest task\",\"order\":0,\"description\":\"Lorem ipsum\",\"userId\":null,\"boardId\":null,\"columnId\":null} Response Status Code: 201 [0ms]","level":"info","service":"user-service","timestamp":"2021-06-12 16:26:10"}
{"message":"[Sat, 12 Jun 2021 10:26:10 GMT] PUT: /boards/97c66dfe-bbfd-4f02-a3b7-df834840f60e/tasks/93718f23-85f6-48d5-911a-11f25402f072 Query params: {} Body: {\"id\":\"93718f23-85f6-48d5-911a-11f25402f072\",\"title\":\"Autotest updated task\",\"order\":0,\"description\":\"Lorem ipsum\",\"userId\":null,\"boardId\":\"97c66dfe-bbfd-4f02-a3b7-df834840f60e\",\"columnId\":null} Response Status Code: 200 [0ms]","level":"info","service":"user-service","timestamp":"2021-06-12 16:26:10"}
{"message":"[Sat, 12 Jun 2021 10:26:10 GMT] GET: /boards/97c66dfe-bbfd-4f02-a3b7-df834840f60e/tasks/93718f23-85f6-48d5-911a-11f25402f072 Query params: {} Body: {} Response Status Code: 200 [1ms]","level":"info","service":"user-service","timestamp":"2021-06-12 16:26:10"}
{"message":"[Sat, 12 Jun 2021 10:26:10 GMT] GET: /boards/97c66dfe-bbfd-4f02-a3b7-df834840f60e/tasks/eb19892f-d3c8-47fc-ace3-0532f28725db Query params: {} Body: {} Response Status Code: 200 [0ms]","level":"info","service":"user-service","timestamp":"2021-06-12 16:26:10"}
{"message":"[Sat, 12 Jun 2021 10:26:10 GMT] DELETE: /boards/97c66dfe-bbfd-4f02-a3b7-df834840f60e/tasks/eb19892f-d3c8-47fc-ace3-0532f28725db Query params: {} Body: {} Response Status Code: 204 [0ms]","level":"info","service":"user-service","timestamp":"2021-06-12 16:26:10"}
{"message":"Not Found","level":"error","service":"user-service","timestamp":"2021-06-12 16:26:10"}
{"message":"[Sat, 12 Jun 2021 10:26:10 GMT] GET: /boards/97c66dfe-bbfd-4f02-a3b7-df834840f60e/tasks/eb19892f-d3c8-47fc-ace3-0532f28725db Query params: {} Body: {} Response Status Code: 404 [1ms]","level":"info","service":"user-service","timestamp":"2021-06-12 16:26:10"}
{"message":"[Sat, 12 Jun 2021 10:26:10 GMT] DELETE: /boards/97c66dfe-bbfd-4f02-a3b7-df834840f60e Query params: {} Body: {} Response Status Code: 204 [0ms]","level":"info","service":"user-service","timestamp":"2021-06-12 16:26:10"}
{"message":"[Sat, 12 Jun 2021 10:47:37 GMT] POST: /boards Query params: {} Body: {\"title\":\"Autotest board\",\"columns\":[{\"title\":\"Backlog\",\"order\":1},{\"title\":\"Sprint\",\"order\":2}]} Response Status Code: 201 [9ms]","level":"info","service":"user-service","timestamp":"2021-06-12 16:47:37"}
{"message":"[Sat, 12 Jun 2021 10:47:37 GMT] GET: /boards Query params: {} Body: {} Response Status Code: 200 [1ms]","level":"info","service":"user-service","timestamp":"2021-06-12 16:47:37"}
{"message":"[Sat, 12 Jun 2021 10:47:37 GMT] GET: /boards Query params: {} Body: {} Response Status Code: 200 [1ms]","level":"info","service":"user-service","timestamp":"2021-06-12 16:47:37"}
{"message":"[Sat, 12 Jun 2021 10:47:37 GMT] GET: /boards/7c1babab-5139-48dc-9beb-64fc717fe905 Query params: {} Body: {} Response Status Code: 200 [1ms]","level":"info","service":"user-service","timestamp":"2021-06-12 16:47:37"}
{"message":"[Sat, 12 Jun 2021 10:47:37 GMT] POST: /boards Query params: {} Body: {\"title\":\"Autotest board\",\"columns\":[{\"title\":\"Backlog\",\"order\":1},{\"title\":\"Sprint\",\"order\":2}]} Response Status Code: 201 [1ms]","level":"info","service":"user-service","timestamp":"2021-06-12 16:47:37"}
{"message":"[Sat, 12 Jun 2021 10:47:37 GMT] DELETE: /boards/365e37b5-1071-4c05-9fdd-059c8fa44e37 Query params: {} Body: {} Response Status Code: 204 [1ms]","level":"info","service":"user-service","timestamp":"2021-06-12 16:47:37"}
{"message":"[Sat, 12 Jun 2021 10:47:37 GMT] POST: /boards Query params: {} Body: {\"title\":\"Autotest board\",\"columns\":[{\"title\":\"Backlog\",\"order\":1},{\"title\":\"Sprint\",\"order\":2}]} Response Status Code: 201 [0ms]","level":"info","service":"user-service","timestamp":"2021-06-12 16:47:37"}
{"message":"[Sat, 12 Jun 2021 10:47:37 GMT] PUT: /boards/a3b2ebe5-bfda-4b63-ac45-c04fda7891e8 Query params: {} Body: {\"id\":\"a3b2ebe5-bfda-4b63-ac45-c04fda7891e8\",\"title\":\"Autotest updated board\",\"columns\":[{\"id\":\"1831345f-75ae-4bcb-81ab-36e224c826e7\",\"title\":\"Backlog\",\"order\":1},{\"id\":\"83beca01-6e17-4bd0-87b9-a7fde88edfa1\",\"title\":\"Sprint\",\"order\":2}]} Response Status Code: 200 [1ms]","level":"info","service":"user-service","timestamp":"2021-06-12 16:47:37"}
{"message":"[Sat, 12 Jun 2021 10:47:37 GMT] GET: /boards/a3b2ebe5-bfda-4b63-ac45-c04fda7891e8 Query params: {} Body: {} Response Status Code: 200 [0ms]","level":"info","service":"user-service","timestamp":"2021-06-12 16:47:37"}
{"message":"[Sat, 12 Jun 2021 10:47:37 GMT] DELETE: /boards/a3b2ebe5-bfda-4b63-ac45-c04fda7891e8 Query params: {} Body: {} Response Status Code: 204 [6ms]","level":"info","service":"user-service","timestamp":"2021-06-12 16:47:37"}
{"message":"[Sat, 12 Jun 2021 10:47:37 GMT] POST: /boards Query params: {} Body: {\"title\":\"Autotest board\",\"columns\":[{\"title\":\"Backlog\",\"order\":1},{\"title\":\"Sprint\",\"order\":2}]} Response Status Code: 201 [0ms]","level":"info","service":"user-service","timestamp":"2021-06-12 16:47:37"}
{"message":"[Sat, 12 Jun 2021 10:47:37 GMT] DELETE: /boards/354e5c6e-17e0-42e3-a2d8-62d50400e0ea Query params: {} Body: {} Response Status Code: 204 [1ms]","level":"info","service":"user-service","timestamp":"2021-06-12 16:47:37"}
{"message":"Not Found","level":"error","service":"user-service","timestamp":"2021-06-12 16:47:37"}
{"message":"[Sat, 12 Jun 2021 10:47:37 GMT] GET: /boards/354e5c6e-17e0-42e3-a2d8-62d50400e0ea Query params: {} Body: {} Response Status Code: 404 [1ms]","level":"info","service":"user-service","timestamp":"2021-06-12 16:47:37"}
{"message":"[Sat, 12 Jun 2021 10:47:37 GMT] POST: /boards Query params: {} Body: {\"title\":\"Autotest board\",\"columns\":[{\"title\":\"Backlog\",\"order\":1},{\"title\":\"Sprint\",\"order\":2}]} Response Status Code: 201 [0ms]","level":"info","service":"user-service","timestamp":"2021-06-12 16:47:37"}
{"message":"[Sat, 12 Jun 2021 10:47:37 GMT] POST: /boards/6de01dde-4883-4b8e-b1de-92bc0df68889/tasks Query params: {} Body: {\"title\":\"Task #1\",\"order\":1,\"description\":\"Lorem ipsum\",\"boardId\":\"6de01dde-4883-4b8e-b1de-92bc0df68889\",\"userId\":null,\"columnId\":null} Response Status Code: 201 [1ms]","level":"info","service":"user-service","timestamp":"2021-06-12 16:47:37"}
{"message":"[Sat, 12 Jun 2021 10:47:37 GMT] POST: /boards/6de01dde-4883-4b8e-b1de-92bc0df68889/tasks Query params: {} Body: {\"title\":\"Task #2\",\"order\":2,\"description\":\"Lorem ipsum\",\"boardId\":\"6de01dde-4883-4b8e-b1de-92bc0df68889\",\"userId\":null,\"columnId\":null} Response Status Code: 201 [0ms]","level":"info","service":"user-service","timestamp":"2021-06-12 16:47:37"}
{"message":"[Sat, 12 Jun 2021 10:47:37 GMT] POST: /boards/6de01dde-4883-4b8e-b1de-92bc0df68889/tasks Query params: {} Body: {\"title\":\"Task #3\",\"order\":3,\"description\":\"Lorem ipsum\",\"boardId\":\"6de01dde-4883-4b8e-b1de-92bc0df68889\",\"userId\":null,\"columnId\":null} Response Status Code: 201 [1ms]","level":"info","service":"user-service","timestamp":"2021-06-12 16:47:37"}
{"message":"[Sat, 12 Jun 2021 10:47:37 GMT] POST: /boards/6de01dde-4883-4b8e-b1de-92bc0df68889/tasks Query params: {} Body: {\"title\":\"Task #4\",\"order\":4,\"description\":\"Lorem ipsum\",\"boardId\":\"6de01dde-4883-4b8e-b1de-92bc0df68889\",\"userId\":null,\"columnId\":null} Response Status Code: 201 [0ms]","level":"info","service":"user-service","timestamp":"2021-06-12 16:47:37"}
{"message":"[Sat, 12 Jun 2021 10:47:37 GMT] POST: /boards/6de01dde-4883-4b8e-b1de-92bc0df68889/tasks Query params: {} Body: {\"title\":\"Task #5\",\"order\":5,\"description\":\"Lorem ipsum\",\"boardId\":\"6de01dde-4883-4b8e-b1de-92bc0df68889\",\"userId\":null,\"columnId\":null} Response Status Code: 201 [0ms]","level":"info","service":"user-service","timestamp":"2021-06-12 16:47:37"}
{"message":"[Sat, 12 Jun 2021 10:47:37 GMT] GET: /boards/6de01dde-4883-4b8e-b1de-92bc0df68889/tasks/d18f6729-3736-4879-80c5-03f487d035d7 Query params: {} Body: {} Response Status Code: 200 [1ms]","level":"info","service":"user-service","timestamp":"2021-06-12 16:47:37"}
{"message":"[Sat, 12 Jun 2021 10:47:37 GMT] GET: /boards/6de01dde-4883-4b8e-b1de-92bc0df68889/tasks/ef4bff58-c64e-43b0-b846-108b7f1ff202 Query params: {} Body: {} Response Status Code: 200 [0ms]","level":"info","service":"user-service","timestamp":"2021-06-12 16:47:37"}
{"message":"[Sat, 12 Jun 2021 10:47:37 GMT] GET: /boards/6de01dde-4883-4b8e-b1de-92bc0df68889/tasks/cd4d0412-05d1-48dd-9bbb-aa0008a111d8 Query params: {} Body: {} Response Status Code: 200 [0ms]","level":"info","service":"user-service","timestamp":"2021-06-12 16:47:37"}
{"message":"[Sat, 12 Jun 2021 10:47:37 GMT] GET: /boards/6de01dde-4883-4b8e-b1de-92bc0df68889/tasks/1bcd8225-6497-4b49-9097-f161c3095c94 Query params: {} Body: {} Response Status Code: 200 [0ms]","level":"info","service":"user-service","timestamp":"2021-06-12 16:47:37"}
{"message":"[Sat, 12 Jun 2021 10:47:37 GMT] GET: /boards/6de01dde-4883-4b8e-b1de-92bc0df68889/tasks/d5147dd8-2a2c-43b5-9471-902f7bc8dcbb Query params: {} Body: {} Response Status Code: 200 [0ms]","level":"info","service":"user-service","timestamp":"2021-06-12 16:47:37"}
{"message":"[Sat, 12 Jun 2021 10:47:37 GMT] DELETE: /boards/6de01dde-4883-4b8e-b1de-92bc0df68889 Query params: {} Body: {} Response Status Code: 204 [1ms]","level":"info","service":"user-service","timestamp":"2021-06-12 16:47:37"}
{"message":"Not Found","level":"error","service":"user-service","timestamp":"2021-06-12 16:47:37"}
{"message":"[Sat, 12 Jun 2021 10:47:37 GMT] GET: /boards/6de01dde-4883-4b8e-b1de-92bc0df68889/tasks/ef4bff58-c64e-43b0-b846-108b7f1ff202 Query params: {} Body: {} Response Status Code: 404 [1ms]","level":"info","service":"user-service","timestamp":"2021-06-12 16:47:37"}
{"message":"Not Found","level":"error","service":"user-service","timestamp":"2021-06-12 16:47:37"}
{"message":"[Sat, 12 Jun 2021 10:47:37 GMT] GET: /boards/6de01dde-4883-4b8e-b1de-92bc0df68889/tasks/d18f6729-3736-4879-80c5-03f487d035d7 Query params: {} Body: {} Response Status Code: 404 [1ms]","level":"info","service":"user-service","timestamp":"2021-06-12 16:47:37"}
{"message":"Not Found","level":"error","service":"user-service","timestamp":"2021-06-12 16:47:37"}
{"message":"[Sat, 12 Jun 2021 10:47:37 GMT] GET: /boards/6de01dde-4883-4b8e-b1de-92bc0df68889/tasks/cd4d0412-05d1-48dd-9bbb-aa0008a111d8 Query params: {} Body: {} Response Status Code: 404 [1ms]","level":"info","service":"user-service","timestamp":"2021-06-12 16:47:37"}
{"message":"Not Found","level":"error","service":"user-service","timestamp":"2021-06-12 16:47:37"}
{"message":"[Sat, 12 Jun 2021 10:47:37 GMT] GET: /boards/6de01dde-4883-4b8e-b1de-92bc0df68889/tasks/1bcd8225-6497-4b49-9097-f161c3095c94 Query params: {} Body: {} Response Status Code: 404 [1ms]","level":"info","service":"user-service","timestamp":"2021-06-12 16:47:37"}
{"message":"Not Found","level":"error","service":"user-service","timestamp":"2021-06-12 16:47:37"}
{"message":"[Sat, 12 Jun 2021 10:47:37 GMT] GET: /boards/6de01dde-4883-4b8e-b1de-92bc0df68889/tasks/d5147dd8-2a2c-43b5-9471-902f7bc8dcbb Query params: {} Body: {} Response Status Code: 404 [1ms]","level":"info","service":"user-service","timestamp":"2021-06-12 16:47:37"}
{"message":"[Sat, 12 Jun 2021 10:47:37 GMT] DELETE: /boards/7c1babab-5139-48dc-9beb-64fc717fe905 Query params: {} Body: {} Response Status Code: 204 [0ms]","level":"info","service":"user-service","timestamp":"2021-06-12 16:47:37"}
{"message":"[Sat, 12 Jun 2021 10:47:37 GMT] GET: /users Query params: {} Body: {} Response Status Code: 200 [1ms]","level":"info","service":"user-service","timestamp":"2021-06-12 16:47:37"}
{"message":"[Sat, 12 Jun 2021 10:47:37 GMT] POST: /users Query params: {} Body: {\"name\":\"TEST_USER\",\"login\":\"test_user\",\"password\":\"T35t_P@55w0rd\"} Response Status Code: 201 [0ms]","level":"info","service":"user-service","timestamp":"2021-06-12 16:47:37"}
{"message":"[Sat, 12 Jun 2021 10:47:37 GMT] GET: /users/9b8aa500-079c-4896-acca-673d120695db Query params: {} Body: {} Response Status Code: 200 [0ms]","level":"info","service":"user-service","timestamp":"2021-06-12 16:47:37"}
{"message":"[Sat, 12 Jun 2021 10:47:37 GMT] DELETE: /users/9b8aa500-079c-4896-acca-673d120695db Query params: {} Body: {} Response Status Code: 204 [1ms]","level":"info","service":"user-service","timestamp":"2021-06-12 16:47:37"}
{"message":"[Sat, 12 Jun 2021 10:47:37 GMT] POST: /users Query params: {} Body: {\"name\":\"TEST_USER\",\"login\":\"test_user\",\"password\":\"T35t_P@55w0rd\"} Response Status Code: 201 [1ms]","level":"info","service":"user-service","timestamp":"2021-06-12 16:47:37"}
{"message":"[Sat, 12 Jun 2021 10:47:37 GMT] DELETE: /users/43d217bf-dbb6-44c0-9ae1-a70576648fb8 Query params: {} Body: {} Response Status Code: 204 [0ms]","level":"info","service":"user-service","timestamp":"2021-06-12 16:47:37"}
{"message":"[Sat, 12 Jun 2021 10:47:37 GMT] POST: /users Query params: {} Body: {\"name\":\"TEST_USER\",\"login\":\"test_user\",\"password\":\"T35t_P@55w0rd\"} Response Status Code: 201 [0ms]","level":"info","service":"user-service","timestamp":"2021-06-12 16:47:37"}
{"message":"[Sat, 12 Jun 2021 10:47:37 GMT] PUT: /users/0db57d4b-ab6b-44b1-a10b-822679702e4e Query params: {} Body: {\"name\":\"Autotest updated TEST_USER\",\"login\":\"test_user\",\"password\":\"T35t_P@55w0rd\",\"id\":\"0db57d4b-ab6b-44b1-a10b-822679702e4e\"} Response Status Code: 200 [1ms]","level":"info","service":"user-service","timestamp":"2021-06-12 16:47:37"}
{"message":"[Sat, 12 Jun 2021 10:47:37 GMT] GET: /users/0db57d4b-ab6b-44b1-a10b-822679702e4e Query params: {} Body: {} Response Status Code: 200 [1ms]","level":"info","service":"user-service","timestamp":"2021-06-12 16:47:37"}
{"message":"[Sat, 12 Jun 2021 10:47:37 GMT] DELETE: /users/0db57d4b-ab6b-44b1-a10b-822679702e4e Query params: {} Body: {} Response Status Code: 204 [0ms]","level":"info","service":"user-service","timestamp":"2021-06-12 16:47:37"}
{"message":"[Sat, 12 Jun 2021 10:47:37 GMT] POST: /users Query params: {} Body: {\"name\":\"TEST_USER\",\"login\":\"test_user\",\"password\":\"T35t_P@55w0rd\"} Response Status Code: 201 [0ms]","level":"info","service":"user-service","timestamp":"2021-06-12 16:47:37"}
{"message":"[Sat, 12 Jun 2021 10:47:37 GMT] DELETE: /users/e6514a86-d73e-4f00-8acf-12c88379adec Query params: {} Body: {} Response Status Code: 204 [1ms]","level":"info","service":"user-service","timestamp":"2021-06-12 16:47:37"}
{"message":"[Sat, 12 Jun 2021 10:47:37 GMT] POST: /users Query params: {} Body: {\"name\":\"TEST_USER\",\"login\":\"test_user\",\"password\":\"T35t_P@55w0rd\"} Response Status Code: 201 [1ms]","level":"info","service":"user-service","timestamp":"2021-06-12 16:47:37"}
{"message":"[Sat, 12 Jun 2021 10:47:37 GMT] POST: /boards Query params: {} Body: {\"title\":\"Autotest board\",\"columns\":[{\"title\":\"Backlog\",\"order\":1},{\"title\":\"Sprint\",\"order\":2}]} Response Status Code: 201 [1ms]","level":"info","service":"user-service","timestamp":"2021-06-12 16:47:37"}
{"message":"[Sat, 12 Jun 2021 10:47:37 GMT] POST: /boards/c392eab5-f4e9-4cfd-a310-cde5dbc40571/tasks Query params: {} Body: {\"title\":\"Task #1\",\"order\":1,\"description\":\"Lorem ipsum\",\"userId\":\"cb749ec5-10ca-4052-9889-b0b111b460a8\",\"boardId\":\"c392eab5-f4e9-4cfd-a310-cde5dbc40571\"} Response Status Code: 201 [1ms]","level":"info","service":"user-service","timestamp":"2021-06-12 16:47:37"}
{"message":"[Sat, 12 Jun 2021 10:47:37 GMT] POST: /boards/c392eab5-f4e9-4cfd-a310-cde5dbc40571/tasks Query params: {} Body: {\"title\":\"Task #2\",\"order\":2,\"description\":\"Lorem ipsum\",\"userId\":\"cb749ec5-10ca-4052-9889-b0b111b460a8\",\"boardId\":\"c392eab5-f4e9-4cfd-a310-cde5dbc40571\"} Response Status Code: 201 [1ms]","level":"info","service":"user-service","timestamp":"2021-06-12 16:47:37"}
{"message":"[Sat, 12 Jun 2021 10:47:37 GMT] DELETE: /users/cb749ec5-10ca-4052-9889-b0b111b460a8 Query params: {} Body: {} Response Status Code: 204 [0ms]","level":"info","service":"user-service","timestamp":"2021-06-12 16:47:37"}
{"message":"[Sat, 12 Jun 2021 10:47:37 GMT] GET: /boards/c392eab5-f4e9-4cfd-a310-cde5dbc40571/tasks/c74bf8f0-dd94-4a48-853a-0131e2d049d1 Query params: {} Body: {} Response Status Code: 200 [0ms]","level":"info","service":"user-service","timestamp":"2021-06-12 16:47:37"}
{"message":"[Sat, 12 Jun 2021 10:47:37 GMT] GET: /boards/c392eab5-f4e9-4cfd-a310-cde5dbc40571/tasks/1cd65410-60ab-49bb-a456-98bf7caab6a6 Query params: {} Body: {} Response Status Code: 200 [1ms]","level":"info","service":"user-service","timestamp":"2021-06-12 16:47:37"}
{"message":"[Sat, 12 Jun 2021 10:47:37 GMT] DELETE: /boards/c392eab5-f4e9-4cfd-a310-cde5dbc40571/tasks/c74bf8f0-dd94-4a48-853a-0131e2d049d1 Query params: {} Body: {} Response Status Code: 204 [0ms]","level":"info","service":"user-service","timestamp":"2021-06-12 16:47:37"}
{"message":"[Sat, 12 Jun 2021 10:47:37 GMT] DELETE: /boards/c392eab5-f4e9-4cfd-a310-cde5dbc40571/tasks/1cd65410-60ab-49bb-a456-98bf7caab6a6 Query params: {} Body: {} Response Status Code: 204 [0ms]","level":"info","service":"user-service","timestamp":"2021-06-12 16:47:37"}
{"message":"[Sat, 12 Jun 2021 10:47:37 GMT] DELETE: /boards/c392eab5-f4e9-4cfd-a310-cde5dbc40571 Query params: {} Body: {} Response Status Code: 204 [1ms]","level":"info","service":"user-service","timestamp":"2021-06-12 16:47:37"}
{"message":"[Sat, 12 Jun 2021 10:47:37 GMT] POST: /boards Query params: {} Body: {\"title\":\"Autotest board\",\"columns\":[{\"title\":\"Backlog\",\"order\":1},{\"title\":\"Sprint\",\"order\":2}]} Response Status Code: 201 [1ms]","level":"info","service":"user-service","timestamp":"2021-06-12 16:47:37"}
{"message":"[Sat, 12 Jun 2021 10:47:37 GMT] POST: /boards/4c8f2125-d3a0-493c-b59a-732a7d63aadd/tasks Query params: {} Body: {\"title\":\"Autotest task\",\"order\":0,\"description\":\"Lorem ipsum\",\"userId\":null,\"boardId\":null,\"columnId\":null} Response Status Code: 201 [1ms]","level":"info","service":"user-service","timestamp":"2021-06-12 16:47:37"}
{"message":"[Sat, 12 Jun 2021 10:47:37 GMT] GET: /boards/4c8f2125-d3a0-493c-b59a-732a7d63aadd/tasks Query params: {} Body: {} Response Status Code: 200 [1ms]","level":"info","service":"user-service","timestamp":"2021-06-12 16:47:37"}
{"message":"[Sat, 12 Jun 2021 10:47:37 GMT] GET: /boards/4c8f2125-d3a0-493c-b59a-732a7d63aadd/tasks Query params: {} Body: {} Response Status Code: 200 [0ms]","level":"info","service":"user-service","timestamp":"2021-06-12 16:47:37"}
{"message":"[Sat, 12 Jun 2021 10:47:37 GMT] GET: /boards/4c8f2125-d3a0-493c-b59a-732a7d63aadd/tasks/bc50fe02-a9d7-4ad2-a81c-2cb1a2d48596 Query params: {} Body: {} Response Status Code: 200 [0ms]","level":"info","service":"user-service","timestamp":"2021-06-12 16:47:37"}
{"message":"[Sat, 12 Jun 2021 10:47:37 GMT] POST: /boards/4c8f2125-d3a0-493c-b59a-732a7d63aadd/tasks Query params: {} Body: {\"title\":\"Autotest task\",\"order\":0,\"description\":\"Lorem ipsum\",\"userId\":null,\"boardId\":null,\"columnId\":null} Response Status Code: 201 [0ms]","level":"info","service":"user-service","timestamp":"2021-06-12 16:47:37"}
{"message":"[Sat, 12 Jun 2021 10:47:37 GMT] DELETE: /boards/4c8f2125-d3a0-493c-b59a-732a7d63aadd/tasks/ec3c9895-1432-4063-b45f-104b879672d1 Query params: {} Body: {} Response Status Code: 204 [0ms]","level":"info","service":"user-service","timestamp":"2021-06-12 16:47:37"}
{"message":"[Sat, 12 Jun 2021 10:47:37 GMT] POST: /boards/4c8f2125-d3a0-493c-b59a-732a7d63aadd/tasks Query params: {} Body: {\"title\":\"Autotest task\",\"order\":0,\"description\":\"Lorem ipsum\",\"userId\":null,\"boardId\":null,\"columnId\":null} Response Status Code: 201 [0ms]","level":"info","service":"user-service","timestamp":"2021-06-12 16:47:37"}
{"message":"[Sat, 12 Jun 2021 10:47:37 GMT] PUT: /boards/4c8f2125-d3a0-493c-b59a-732a7d63aadd/tasks/33969c39-d4ac-4121-82a4-cd067f1898ae Query params: {} Body: {\"id\":\"33969c39-d4ac-4121-82a4-cd067f1898ae\",\"title\":\"Autotest updated task\",\"order\":0,\"description\":\"Lorem ipsum\",\"userId\":null,\"boardId\":\"4c8f2125-d3a0-493c-b59a-732a7d63aadd\",\"columnId\":null} Response Status Code: 200 [1ms]","level":"info","service":"user-service","timestamp":"2021-06-12 16:47:37"}
{"message":"[Sat, 12 Jun 2021 10:47:37 GMT] GET: /boards/4c8f2125-d3a0-493c-b59a-732a7d63aadd/tasks/33969c39-d4ac-4121-82a4-cd067f1898ae Query params: {} Body: {} Response Status Code: 200 [0ms]","level":"info","service":"user-service","timestamp":"2021-06-12 16:47:37"}
{"message":"[Sat, 12 Jun 2021 10:47:37 GMT] GET: /boards/4c8f2125-d3a0-493c-b59a-732a7d63aadd/tasks/bc50fe02-a9d7-4ad2-a81c-2cb1a2d48596 Query params: {} Body: {} Response Status Code: 200 [0ms]","level":"info","service":"user-service","timestamp":"2021-06-12 16:47:37"}
{"message":"[Sat, 12 Jun 2021 10:47:37 GMT] DELETE: /boards/4c8f2125-d3a0-493c-b59a-732a7d63aadd/tasks/bc50fe02-a9d7-4ad2-a81c-2cb1a2d48596 Query params: {} Body: {} Response Status Code: 204 [1ms]","level":"info","service":"user-service","timestamp":"2021-06-12 16:47:37"}
{"message":"Not Found","level":"error","service":"user-service","timestamp":"2021-06-12 16:47:37"}
{"message":"[Sat, 12 Jun 2021 10:47:37 GMT] GET: /boards/4c8f2125-d3a0-493c-b59a-732a7d63aadd/tasks/bc50fe02-a9d7-4ad2-a81c-2cb1a2d48596 Query params: {} Body: {} Response Status Code: 404 [2ms]","level":"info","service":"user-service","timestamp":"2021-06-12 16:47:37"}
{"message":"[Sat, 12 Jun 2021 10:47:37 GMT] DELETE: /boards/4c8f2125-d3a0-493c-b59a-732a7d63aadd Query params: {} Body: {} Response Status Code: 204 [0ms]","level":"info","service":"user-service","timestamp":"2021-06-12 16:47:37"}
